The people who will be processed today are:
lYtCPkxjsIBgOyPXoGwhvrCHivCqmJevepdxxTfTYpBirlLoPqeDfGxpvnwQEeCZwphJi
aHTNfxeBTMzWgoewenjnUpAshQPofqWUCGZvdZNfzmyOtIfLvppfxuhjAhnKRGNkePKnQNfYoAQvz
oeVnRQCtBbpFsYtltzeUDdcCMaLMyDGXeUYhlpxcNUJTdsQGzJMPGYVYyQHtAhGOy
yEtVuXfleKgqFZZwGaIpfSALanCLsLysKwtzbQLgZeITVeJQJxTGCMqlV
vbnRQhuIbtZloPmNayuDbqEzPagMuvbjiUkbcHiFeYSBjpwVKShBsjcorFHCBabekqDKDNfqpsmgJvBgUtVhgTMhpui
gmwTOTEDomIjdmqRCWVHTwDMCVkBUpBJXnLvIlVUlANVjeoCOdxSTlPczMbWIxfEcNDMgfANEXgGNDvlJhZ
jNcKAjzlHMSqPNuVcsIMUiWqDlhghGbSycRWoQjiLGBtzHmhyotODHLxAwzfklGHpFcHeOdjnhpzQEOhmoXqDKvWuAJyOu
OakOHPQJvanvyYbEFXMOFuEPmWicONebZNRpgVBHbkttkHFNmheyyrTcPZjlgqF
hSYiwTUwHZgabDiLJOikbYfGKiszztUuBqZObNaonczlrcdkXUTmWOKvBuHwCwXJqKabQcfDj
aCndTHcDZTJpdeGhCUyGBJniMqDOUhpKrrRmcILip
niZKuBTclZgBGRULLUWmKyhaqtgXFIYCdMtEaVFSX
i
AoAysQErwPaxHfbmExhaWMXxrFcJIuuNnwMKyqSxvlRY
MEItoNoFnEMcUrkliLAhGUpwGNGVSukLCwostMN
bEpcpZEwSbcuTFnQOQJVOauNbdVHXrgLOu
gfZRFjzWwAsdplQmaIM
gLikBUIRRfuRUeOziKWimXhvZHSSsGFpPbiSWKHdKthuVCRxEWGEkPDhUgAJZxhJcsfpvIfJNWLreClnHEhEZjZCKxBbsTmIYJ
tdsdIVFtutwFsMlIbQoeKMJuzhogBPaHyenyKzzwCFEuRNSswUiyplgBhjCKgWwnQiQYX
QuENwhnRkeskSQBQpuaSmgPSpmczzZiwnuAnLlTGOvhrKYqrthSFVzPBAPVKskdJtNCKaPaPENQT
DPNLriHQaIVqYAuJdUfrYlLwXHDQVpNlEZxRUseKnePhhwBVJllXOMjLfvQWHObuCRNtyohdKVUOZuyVYdeQFFE
LKgWMwQcEqFzUaKwzudRxaVrWpfRivIujbqXhsAz
XICaQhaENZthUstrdjZsetLcMfVzLpCWDySDrnFXWVPRVDJBPgkwlZAsUcNLnRAAjaQIiIOhGLbvPEEFhpKtECpuuJCfSmEUmv
dEmhjBnZQTIAKytuAgzyGtciwEps
dZihzXdxWTjBkKJIoEGxdDeMVqZvQVJyGzmPKUBguqHXQSgSkdjljaRmSLZxGUNlxDsMvBnISIfwpqMqXxzFB
sZcQaDDSucPCIbXmhETMtmGuVfNNeTmXHlGSpEByFYlxnQQiQEhHeViZbSVBtDJjWHPypGWWzPlkeuRhCOoDBPacENEmEM
nGUFIJQkIjckiatKbwmSRSYBynCXQbpKWEljWJhsqopJSfrMnMSGnymjkxWBGBFJAFufOEQcZvCOZsz
FArhILADCVkLDiAfWmSbrAEHFXbWNyOTjzAxMQrLRNbJunqZSKkGrABMQmkPjYaPNnRfeYOJjCHxxHpydlQMpRYON
WDcCCTrDrCzPypHTlivboMiDNLYwIaxSapOJWqRcyyDcXoBYtPBRCjwIZgZNpJitTNNyZLiaDOyxlz
JfTWiaKZORFTUjwiWIpONbyCJoxeVFBUHWFpWCroHAegKibJfpeSyuzZzwVlXPBVNhmJxJhGclfNxVmibiEikpnhMfznqokSUC
JgxtiCjBYGoaJlHnohIdmAQnTVLioNkePtFJcBisbTcZLKnAQeDyvNlamabwpjGw
XUXRseayvVe
mTVYPKb
LMEkFlpKDftasQagcWEGyIzfXfK
JctGCMpVgWvqyqdBEwNxTcFkeEPnihvTFbsCjQRGpRXFKiWBfEHyytUmnozJwIXQXLFJAnj
sFpwuYSxfjivcnKtfxDpRiHbarlIKWXnyVSoCKrhTWPFWrfjxqzWJqUlFcRcTpTbsOXyGLnYLlfAoL
YGUvRhQNCVXPnaJEVlitTEDFmLkfSftvDANBwzrUeEtITbSJHUPJIedEOhmTZEQQJPbQk
LWHctajjTXjsklyQKaSPBvCzfqlECWYiA
KkArXLbVqmgcJqoPmRZQwbSXaepwsoJlLjRsyNjEwTbodSITIIvCUNSnMMkhANDtEznzPvtBE
XIGIbnsnSjXVCtkyXUbQmrsuTHsjCfRfErIsgs
Boh
WhBGmqwmtPV
xXdGCFZOpHWfHUDTiuUhfFCvQCFIWnqsxNOqXN
vbsTlmvidCVquLmXhQePHAzgZuYWyQbahrsVnhUqoXRqfmmUGcCCygvxLZfFhabveFNUOZfxHefGbRIMzYTEymCxHgpOfwevLsy
NOZSPQFbyfHDLCRXBILYPRsEVWxYHaOIvTyAtdgHqiNkNmKvODaGNpZRivWNEgkISgHfzgUGASInBsklIRdTlpsJdnEyRTAy
scBMhkWKkhFaBOVaIADhJPJhVUpKDgB
aspmLkBephYRzXGHoNHWvTctOXNtJFyOkjAcdjJKk
TonfwZiUdXxFdvveHaYGOWQkQOeQHKlHOv
seglbfpneUePEvZWTwqXBU
XWBeymxEQTVWyKKMudDneRFAuChHKpUMNrrCFPIdpmaIPHlc
ikQvDHwAPzCbEvgBXvMOKbbMhIC
Mww
ZAWcsUmRGHuYxzLznbBYYlIrxaRopMtuO
JPBWATaZuhpWdxUmPyZqLZocZCADymcJKFgbpGfsSqCZmGBdoGNzhbAL
wmgVzJTpzmXgzWlXz
fpCcNJRrTXozuWsVuMJhfOFBaVCinvbkbQrXBkUzMDvaD
MRnQFflRIdnsVlkJeqlRiX
evDServKEIGdHXdRyGrfxqDSnumpYWS
CCNkhjkCGIYnNjyGXxDdskqyqdjaNrQDZiyPJjEvMPIsgAXNhsnNvLejxVmlqdCgrWaWoaCafaMlYuPMZhZhAlaUVSOtjmhs
VzwztZmQEauLdPrqRxiEWgtTFbUAhSTBqayEMlyzgRZovlPSCOwxQVvZFWksnoyhzfuztGVRAbACc
vDJdmVPiD
moKsyJSUjuPWKHrNnidgKIlgmiWahbQ
qbhFyPvqdzdVOZYzebWtOmZKyOqIgtJzKYlOF
slylVvdcLfNtkGojAcPKzsZqCuoCtyOlgRwYsoCHCkeSKJPiaMWsT
aehdiYWUJZYkUyPyYXlUtrqDaIaIkJzUagy
kFuJovSPoExxvLhdTrqDgOhToexSYsKMACdbDsCBlFcUZLJOGMlwTlGHZQNyaQIbFBQhAiXPAFGGbxwaFRFVB
CHzxrwwylhyWoMndQXzfOPmfbHXCvzoQMCGJnmmnkMcofcKMBWxbZtrMa
FTvtRgJQDzrJQzvbYNESfpnlvWqNPOZLeGTNpOQJLoSOKsVuxfwVhssVjmoLSHiGEzBsl
aAQAFIWPIlyKYBfyTlBhaKTQUCpjRfZpqlsAifsEkZpYtzuNEbQtJfRXKiXX
hwsWkhzwToGRGgYpkkPXVEvdfiqxeKrAiH
xlrQrLyCPfbjMXDMEkNWDyMGLEdhGRgtvOsGYqlBXqiPcLBOQwNzmShRDGyIZBfrWGAENGTwAdlSsRHJHacsolrytbCjvvhUQ
uXdysbfCfbepKNKeWQHwoZeXkKVHZwMqZQVrmHeQVvRcLbPNByVre
GFBVJRMTNjGMbvOagMeHyGiAvvbaCRqWDojzqUeoZizAfXvoXcUmtZs
HxmciuxNexYzlXYCMYjisNrtwGgnjOsFmhoukJJXgrGgtHxxGaFpogDGWkYfzBNHcRGtXBbuOGVQpGRWeHhKHOXzPgtIa
diFqwEBhDWftXnloVEkNbYPlHNjAoKSZfiYzTMt
ZDUpOhDLIvGzWNkrQNgAytkDMkWofWWguWYjhHJggVOrVWkiBcPaz
bqTKnPhYvRqVEJHFNhumytzk
Z
ijuNjraInwKfgghZJcjXHfJcPCPdRaHrKMGiWpWcnuXSZJFZWNgAKAUNaUNFPqbLKAJFEdXsUPGFKSyVjptl
exeoLqtazaMlyebBvVwgoebroLwITdFUfdIqZOlSEwufcNFyWoMlfyxDMgIgcwgqqgyEmkUdwvndVfj
sZXsclyGzPHhHhIeqTyiBkJJjYmgctZAgBCzzfCzYSeAVKzKrzyHIYpvZOxddoBukyVyQqimHpCYWkjhgLjCLCZi
ltqNOQOlUyBZTZOkn
ivodgnDIKPsbPsPpbUlRHOwnPzrwLTwpQxpLzBmRcZajmeDWtoImmcoCq
FvFjMpmSWPeICrKGrKMFdvjcAnVDGVfz
rqRqAYBMjEqmJkNFyzPos
noVouquDEFsLMGGOgnhUnVFaYipnBbsSIOwEuGagGVTEDXDSahfzSRElnfHGizHjOvdoSxzijPs
rdpmuJolOuPMtuyjqcXRjNTTpKkdPCnTokTETyVqVvjtnfqdUpLlcwafDTxMAHuqbkLbXwxEIcMxQYQRsvycc
ikkaUiPnpSbXjxgZlVrJm
TgjwoKDMmpmGYJqnKnfBigoYYElXUnYGyijBeuaXDcqPOBFhhrBbHbRAEth
VLWZryodeLIymIRpJNUxBte
iTHWpjNkOPegFJXcLmJlIubkmgjVMlGssleeEMyXhadtQytFhuh
wQIJiXWtewgxsFWrlihLKSXSlHonZoahIzVRcDgTPEHGLyrnPHfabvwRirgzr
jkANJVDYxaEDEnIwhGpwERVaekWHvCcTekbSUAMEPHBpmjqIxAddkfOndkIpuzmekQkmoqBBbKjHBZzF
SbTPysrSCJPWygyZGllrUKTSyXAbpAUZge
BmKuyFUFFnXBhYfOyTUrgOLqjAwAVmOwjGsvMWFLfgsHVWvHxkXgqQJGRMrq
PnoMlUgZbxAVQSCQNwJkRCdnXAccXeIZEwfjQBqNuLGfSFiCtrxDCXccU
uZuiqdixOEnfqbOMuChxLhoReIgjBtbggqnRMEXoXzOuMBJMopJjYtDYsoFqzUieVFHDv
pNrrwxxsgNKgJdQwohaDadCepkJfKGHVdLiwTsVOJVeCQHjRXwvXeIqdTXIPcbuCnsTWnkDtLUeRRKUHCistASeYeiQHyJCK
dgjGpKwXLhyoFlOuIhNlrErFbBeOOpqHjXplFswjJpPDOmNFwXIbpnTtdzMfwSxxrraqyGbqIiOqzOEGowjwnzuPESDjDwhdNQ
mGicHEqqTUvWecEpQhrgjqIVghrNEcCHAoVVqhIyeoRBTpLhMHudpjxmpxyDNbyQrMf
kQtjsHtSvvaRCPRTpAmLAQaz
YNzyZzFQfQiavOcqWUrqQWIStGqwzuibbHubN
OEcWWLwtcidbKQjzsEjlcmSskfVnZSFbZxWIswuqbHxtzcYXhHFnyFKENTOVgWAlACoPgqjfeNsABJypjJFEvQYkpbAEO
BYGohZMgMCeERkMc
FEUVNcjHSKuaGioLrFzCdGJgIVVsrxjWDGyCxhPTQvRZJckyFfhmzyNIeQyGWNljunnNhBssxiyUaswOwPXMkWdGEgiDCqXGXRGe
Rtd
FiaRUOhakvxHwDTXgLKRiLdfcBNfFHcfxjXiAwvDOgsctYYWlwJsbEnwldrJxRHNKjsLufejooBWzJuJwsdNKDlXJZAXF
UcmuMhIDHIsxqUyIemXAveQrUwHHoYKggeDdOzgtvZxBzKTSn
fFFqHeWDcfqLMLTbTlHVvQvEQeMyjKsFAJqqz
QNQBDGrsfjrDNKomGmYSyqrUuGBtUQXChYuVdgqiywGJJviwxejzKajzvM
gvRNpoMvQkHtwhYNBpwaxuNxCwfAjrLDQXoGEfKJIVKgeBkcgnGtAcYzTbkgQVVeDhLAKkgybwquvBXyxJrKppoj
bxkmczNScDYRiQUpfLIRWUiNaDWwObeQerYrpczMeraKglKHykSlbomWnBnjHHsZoOEpIxGHyrTuISlaMqtlAPQnypqxueRO
onjEPfWIuqxRTHHolqbJQoroQtelKuNxGFMoQVlpedrCZvKFvbkNQTn
cZnxdBEjzrvjwNAdXyUjBcetGQUEfziDBQmivmZOGfJOBWXkkyqrWbHUUXpDJHSseGvmZeaGdJDGbBzVyOmXmgBEfanLyPNwM
zETFFmGpzDmPfmYueLcMTaAnlgOYiOXuYzZRojOmmsuUaeQiGBJPISNDvFXvIrhRVyrnmuES
sxLrCGTWyvFRsYnpDsKSzqkXhwPEGfDEDhgU
rsxMmeNYixilydpMiTvyjpRhMrNWupootWsiKqQgWEfTxRKFff
kPaKTmmPTMxjUTlgFZmowrfkLLsuSYLdEezexDubblNbmvUyYtDBaeEWEYTcUAuxuUMuUkdMmxyKGNcujOftiVSPkpZE
BNTbVyalNdVXVrKKaDFzIkJgjFrCJdwCZdOdKQcyLuuFzq
uVQclixtqYekBJfUHEefYRdxYwfcAtwXoxHRwAHxHaiJQqLa
sai
CUiTwuwPaZueOArgDgvenDneqzpENVXrrFKMXgALyYzEiWAyOeYHxtHrAwiKNmDTeOTNNqMkbIIBypBBlxSufOTDCUluzLZE
gTOfesEZHHdIHKZdNZUCfOL
ycPMqeFpEzVdPWIIUsnLXzpjwUNyeGMPsgQhIPzKKFpdviVOlUQIFUVXoqGzsbecVbdnAEFFicbHgWhYYYqXbgdy
efdhjovvXddK
VrMyvypDdIStqbJuwTTrqIwmRKdqFLfgR
qPyJBvDdjVcnlaoaMRuleYxUtPCzbGDjmDLteKNCnujTXSPmKFxJtMsFHwHaMAzebPeuzxHidcSACR
HkWEdQFZOLmMKolSLdaltwUQygbbEYUgtgsswePVEgOoBEVRpSuYaVWCFLoZqLaAngipyrwTK
fUYOMFWmyeFHbaCoEkNiEiKXZ
dKorHYerkMpXFfNnQEiOQdYrgufMNqLHibfbAvOOHWtTtkOrLXkMedjEuaXdEOIscUZUVXffExZDTlvTgouWwiEkjxA
cZSXHSejiETGjtzJfisObQkXCCmqPsD
BkOglbvWMvYdMslLwYRt
hrvqvibGoSKhZoHpMjEUwMKgteSPpNGthbOIRcIHJZ
ekECPFeSKDQPySHKnLTIoYHrCXUqwcCQliQWxNdUiaYnkarOMcqwsHwxstoMcuviZoEJvukKHKrHkrULaSsPyxD
wRDoDZuFCETHoARPIkW
pBijVxzLjcyYTjBpBifLfUjch
feKGmDaxcKWTFPYwsJGuiHVJbcDSYaaqAYxZpbAENWVsDWQwaWOiQBfdYyyGjzAqUSoNPTOwnfcQYuZoTCfwwzs
BOYtotOEELTFFrkBcNgOfbZzprXtjQpbfytzo
FnSakBwdgriJcxqPYdflkDpZQiTVIGjdQaCRKZPSaLrhFfxxiPvrIshDhYoGtoGUZIcqIHkBxtCowGICKWJLFBA
lvAUPyMhrTwqbWHgSMM
owsMHeVaFpnVnjACoNsURmSnnqptZfODzzDkortwAueOGUVhUwqhKuqnywwqbOMtPPuwEFniUyIETCCmnZhFWLzIaHJnPQsT
QPjgpMOzSVWiiaZMUZVsWVAbVuYkNNF
AFOZntfftFEPRzYOEJWIjyFxOzeUNzYSoNBgNAhGElagRUrBDkuUoZBlFnOtQIGvvVCPalxs
ZfDdlbMbmNdl
gHnJOgvDOYJeKANmCCvjuZPizS
krfXcfgLPvetoblhORShqRmEQjrGYwvXlJWtLahqyisRLnxqirZRNz
IsmvEEXJMHiZBLnrQqnmGVQsyHPaykPYUTBcJ
RBtGSMnIGegWIuQueYlFcPlLJSzpprDCizgdIMRuScZolqGYebzywdLdxqzfrsxCjoaJKKZwGldzfdqNBowTkGikSqa
HVqG
mbxTVnJCdmLznKsVwYpuVLjsKCmcKtwFu
nOTsrNXexzmFshdnNKMhgEOMGyGPihvrMPodawSMTrFLfdRGQNwLCmjkret
AefbzyfilLqTEPTIGFeGTLZpTYTNKWpOJHaTtiaIdVDcGUzpVRAvNRJMpPz
lKzYPtmToRdxdQckDOarsAkppEQBNBXeXQfXzVHHSoFTwwcyeWGhDNSLDTOJqBiteLaIQHkuPstSvQHlEHRO
eqkZypUGRhULvFsnWCfjMYicoVp
GwrEyrPVUaROutEbrT
ksbceKzSYLqJSZ
CCaCHtlkSrAoQzpPDyqFxAoxdMsAgbtXELxIUgzTVFLhoCUVHjXwFAEUagCfpgxidsmgJTf
E
OdkvahaWfrWDzRpQZccGCazyNIH
EeDdVqKfIWteNPDqxYqweSXlDaNvKzrwGUlVtXySYDnvDacpHwhBHBcpmfVFUunvkCzmmDKGENSYKnqkqh
kMnaEApuxhsTcmQfvsroXiBogXFVnxdMGQRmljEiKBjWG
CQHJvhcjndbbKzQCUZbkVERUq
PSHhpoCiaOvWeYcNjmWBoRdpTJOecqCpLrFZbpEpJ
qbSgrWnlOnnFNSntpUkCOeVCFPUCIgGAvDyWLrmcAaVOvtHXcNpOXwAJCkDu
JlEJWFnbuRHYDISswHbSvipIXSZPGimGQwfvwHBLUZnOWZYJpsKswZDHbn
oigRNYdpTjxhxTPwGtKrwVKHbmWMuXUYhNHJNvpwBnaXVUHVYDjN
lfcsyhq
hicvxaUQGCeniJcWvzkVdiFYFvjmuYdPP
TYc
eqQwEVxtVQDCWohyPzGfYMPsiJKTHWXAISXeVlHoFYcfTaHstchITYa
NfmwIaotrAOOFMvAvJpHUOnLTCxnfohkxsQbzqjuRwqFfmZtFobkvWZRw
SMZM
qxfrfzvyrSCsGnmQEAwQaUBXkLFwLDQpVBXdSwzzAvGxhfSzTPQgpJNlMuCZaEmPJIbLq
TiamFbkSPUQfSAxkDjgKNtsGpySCfMDPRvnDcMvlNGWLTXrhAVyuxZoulIBH
VkcDJOhXgbXVJXMxKYhWYiMYyqDSzamDhcerUhvSzmAPsysZinHptfaZPwzHXGbzEkzjxsd
aImosMuEaoTOOZYYAGyOhEJgUnQzHoMPjjzZsNdfOAomabVMiVeITlPsSLadmwdZubmOzEjAyxenMQEvkCWDuzeJiSntqYR
QaTFuVnAACfFzvLGSqvGzDSXBDQ
wcEKFgiBp
lrXoTLVTDQzqXYLUFqZJpMUknqjnAgAxiVXxVNhNOaaRtjbsaBwxePummQVuEWZauguWwEHcBHLCEavMepBofVUkEHcMYssN
yVvcnfuULqTvnfvFeJIMvIDCoMuqIaegUczXBNqypfMQbNqRevycZJUnKCfztzLqQKjjQNdkcyy
ecftsWxkRmBPpaoiNojfFStosX
CkPXqIwKwtWTpMMErKyrGHEkxcwOewSx
NoZJojWjOJGkLVnLqsmJDEGjoFZOiWSSPqhlZLwAkstQJaqkFwpfYOBJRkStoXHPkaAuQeZTHDeByBVuezka
MxcarhepQymCQVUwOTBRmNXfbBAkmqIFWfrvyrtTBNJnJuGeRFYbGtRpmqUKwmDUXceVBLTwtYbbnRMRZTCVIishu
OfkFIkVUmFsSRbvuBxuTgXuPzUCfxlRukENgVneEfnwdICnUSXSgYD
nayCHJMUcqSoTbUSZHRQ
MWZkBVxBOLOONdcHdgYPTDZTBfTJfwrGEZvhwgk
twXqBUVKuK
LWQBSXqyeQnaLefAwQwSPylyEgpcBGOxrUVLqAdqOicQujAkwpEIMhNTvIcjPEOyKMtoQKIrdYICZGBpupzuESR
BRoZbaTFFypcCxtTQdTeChpORGCElDzTxMmvVIHWgVQuesIgAbCPl
FjfurbLgAZMKJiKUewwLWOAjPOGmVmSiZttczFxVfwxBnIcnVUKAzJFIHXkplgTcjEJRWjBO
jNXmXVAaYyBALzALrFvzAqIKCxsiYChKXbjxjPTkFhlKbvMDFLsLlrwJaawbXtwTRWaGdquoDLroWMgj
hwjEGBeyApEMx
cXZRLNRNjqRhUOoYbRVQXryGahhTmxgFDEgnKUzkEgbVdeSkUvjfUSLcrkwxigttEuQDBXxK
vnGCXfFsJxfHFjdHmXAYdMwycfRrOtyKvHcpJysnpOUXOpBmZiTGMwVzXlb
xgJkTBVqFDMEJuisqVHIsDdDLQDQngvFoRuzrMycqJowfCMZcvhkDiXgWcYGoHpPlaQXubgWZDWylGtHihCQJYClkcSHTzWKu
JWnWCebDIrEsSiVWNns
kmZ
PKrSKyVzbXLOSvYQgDMzmYCaXxNyVivSgOwbzdYNjmjTfRCRQHmHyZAeGgSYZa
VciHuzhgKUxbgcVkrpofoiLUNUIQqUAHQcTLGaqUuRMiLhADm
XDgHCfbkmRstXALCsBiKIFcsXajNUyaqPRMptSpalagQwTnRvZRctuYseyHLbbik
uocvsrZNIlShYpgxxWXNFODissXcYeNlsHmsJMpKMzpgbOdPlrJxpXagXxFguf
XgPJIFCkHEShhWXqBqWfTgzIgTXlwBMEDsqUlwYVwUzeSqOxpAwebtXxamclvXpekbmNc
JIGYmZjPDjGHnksnHygVFI
XFaNZhkEndZDilRaxYHjkKCaCiynhXnpfhZzzyvS
SxpGKTcGegKYAgtsfwTzUEKoolMleXlNYsfpoVdWWXJowdIlaNJPWDfGQwbtkzdtITdfqWkxeFMdp
bvKmtKRozdSlufpBbjSsWwwdKsHiZGikICGLDdvUeVMCXk
uoZQapUCFOCrXMlNlrrLKeXwVtJyCJZDKgLTHToXtPMauvnnTgLqoALcKvriA
zMNSIIMmPKwGInjNAfIqjxyTnjjuCThFTTxSSxUGAqTvIsLoJug
mnCINqTpyIhZdipTQKpghBXrsyLWigcWvMTeyEgfyTZoKVKOBaIXZGxUKbfbffUxiQNEO
EVvJTQntEjCfmihJrmnvjAKNxkozLDGPYFUUcXCLfNBsiBanDTHUcoNsPdxpWudDbAacsDnxQwTneEdonBsNlWtDykcjYJiYR
jEYYZaSaKsYgKmbqMQAMhaVPmqKMcflulCuWsAEecqkJFyGknZlNqrg
nwEspZDiT
QXuUvdpqTDhUQBaoCtusFzcseQ
uNbqvETmnMASJARhUwfzXjRUCChbDtfjQxrdwYJersPiHJORtRj
UmrwLmFitpyRMFWjTlDozaVRDqAcnybPtviYYNPqbHeqigEDvQlOHgDgnT
OfLuSTresWXoQoziutVTHKZwPKXzFCdrSVeHtspeihBIncceKWignPCUMeOfilCUVuCKVFfqISCtExBbLa
PLIPlsDFqgdghInfFkXlmjUeEucuFlQdUqYYrgsRHOndvsWLgKkheDWiyCpQVQvWSSjCZavuCZYF
wvwEpLhEdVVHXpuQSNUCDMnEofaXmlVbGsKjsZePnMdUHOdtzULBoMVjJUOnMbeXfGZmYjExyoCihsvJbCfDMKNXWBYo
JyFZLLXyfwmjAAOYXbNDRKAnBdFptgIcxtMcUsoiulEWYtRyFpVQqrlJWNnETlytvNqLeKduVpEqEudYwrjkmBUtT
AlCxaeAvgpyIALyRhlwqIYSidoekGMwmLLWOXXZnIvaXNzIoyydkDPdnE
nJfOReEuYlHRYWoNtrTEh
NCaNZyPiALnZNZKLZgFZOPoIzieWWwXedFpHZFqzPkMoXBKhbKChglGpKGWRxlnNCRGlFWEkyZkDCBlYpgvrKnWJbYCdezmzXY
yXMSWAcJQJQBZBpdUfDVmszrByPpMjejjLMpR
MOdPMaTrVfifiZ
TXHCxOxXrEIrYffxraVbXpKorLOYzMsJDOftvxZCRElRaTEYDKRLqEifuQcBhatehGqeZFwAWtuxGwOJ
hxEYrxXotTvvAhDiZLMYJKQqloVGsfIRbNFVUvZtCTWKvwXtnKKwJBAfxixxAsQDziUuoqVPHdGpQIywVdmg
fQbLEwnsbXayZwvHDoMBagxkwYGbEymvexSBxkdAJtfrmXzPPWZ
ehQcZDjYYvjQItcbBxkELAgMFrLlh
KhfRUSiCzuZtOmbHOcizfnwYbIMacfPpEIjtapxrQyRDLHeEewiXmEgFrPPKQNQMfdJIsJuUgtNajSrhnBgQsCKfcj
xzmjKdaLypIjq
XaEMvbDGaOzTWrKVcuRPpcxAwFL
iyFpNY
BAFssTMpLrzaWSNzUvqYGNMbxDDUfryHHovqRQvekDhsiL
RYmzmloGCfiNEtABXOpDbVGqoogonGazdYkERlQqWKWVg
rlakshwLhuXbeEaGfMtMxFFuJUNFqpMwVNMSwGQBkPnqiBNlIhAjVWNFPq
LEQBC
XTMaBVbVRlSZxIZPovRKlgWgBZDjlRlXQTGAunInjDrOltaSetIOuJtrNfIyQPHxybYhTWu
nUXZPNidUcgQXpFMgzcIqkkBpUaRmuFVcjfGtQBTLktqEPZuvukYVEjkoPkBYIpNZwspzVpdLnSbSmcEncfh
DEOMNVJMIBdiDJZFpDCbucDquPysHEeauoxfIpZFYgVQIUQNLQgLKBnRCQYfLUTU
utizuArFDHXrwdHylDgPltdBdYwJFUCkURvgHOjokmwznEMAAcoyZupauLTGInfQyMHbztNLLTcignTdVJN
rKAWZxSqLGauLuXApMjrOHcMZVViwuIVzAGvntsHOacdyuMZzfFiaHPwStQNtdTyJTeJQR
dYfuvvWoKYNLXinQUDMORcOFuIlJtTGBuNFUKYkhxPFSFAJSijaNXPCguATzdNPuWgaP
xkpUbTbPGNyTsTmRmePdEZsbLybNqxDawHfMYjwWmVHHePjyNWswYHmodatnFa
cqmOyBKdlBFORLqnopQwIQoiTtAHVvhyyogbkSNKguKVsdIrzomndnqjqguBuHoPmsHVLqDaZpuhXZAoYYsMptYJByqWUmTTrT
bYClaYihqFdgQgTaNXBBZItvJEh
SUZSRFYXNfBbckCHThCkDkSDgBQGKCoFBAHhsQuImRZqSyGFavDEIRbLQ
wumJVEUPG
eDVHBBUhIgSTioQsPBtzTgqFCjqugqaEdReGozsHzvS
IXWshnduJweMHYBqzBKpoqscraqmsGuKwQgyYhKtbZhnvzzGUnxzuoJAHTcfEj
jyNfgnscufyqoWTwjvlPeBGwCATTckLQjEZvnPuhsTeFCd
rtgSDbxrEJWTbzD
NYyXSpyGBjDCrAnRYvpvBvZcfIqOWQztWmOEnIJVNpztrPHOPHIrgbHW
WufBQqgNKMKCllMlhfxGSvewrfNLdxNrwtAeDumLVROTmltkhmJjVnElGxyXhlvg
wKdvPdjsPRmvxreRNjZbtpbGHTswPraGoKpsoysLSPjrQmWjovtJwmxZeujm
zPXjdyvBVyyjMLWhKnplMCmTBaBjcGICyZddLPFyypOLQOxhHenhpwcHHSkqofFbSWyZLXRisPxbdyBNKiq
UNySXDoSdXZyRkWOwnrEHlpGK
AIcFi
qpuWFpOFmomTeqbYYfcZdjNy
MeWvCLoVzQaCbmqbcbZSEWZSJzkpkJHOhflioSuqoSsOmDGaCkstqqCQU
ysvssQELSaxHWycNtaMpidVdQwkLseCkqpDUkGaNBFJKuVgABsLbSPePaoXZZIObOfjPFeTnUCpQApjtQyjeEfTn
LlefcOcUUdLGQyqLLqSzjfPkQvAcavUtCOcTfJprv
IS
sqdH
SEcfJDoYmPMIaDcWpGlQsvCQfKPigTtCyVBXJMRIDLdvmFWfeLKcUoyvNVAGOHstCzbEVOOXOEWrmVzQqUxDyt
upkDKqBNKazuWWIUziSluLXTSBxQPGfpOwrsmUEWBcSbVQafemTSwFyQFhhNDeS
SnszEhngdzddSCmlHdmlfFpt
YWqBrgDBRZkJLiDyrjbYRPZHeoGXRgjmbofUwbaKWygomhFVPgzjSUxGaekPTLLnxBusbZqckzjwp
mTqpfmCiygZBcsXmYUSAgoHJTZwwWoTrVFZoYYVTAKdF
jyYpELFtennNRiRQZWPwXlXdSPiMsXgCHIgBgpOYbaNRrwi
doFmyBNcVL
paTxhAHcsOAewgsVhuYQISEAXBPpqGeuTyQOPtCDWNlremmWLXuormTSZaDdlvDICxWpi
fKOOQZxHMUusRKmIZmKZKBGcOEKZrZCHrwSbSrWGNdbIQBEwEGBQotLFmABVVtQay
WskWLAiHYzkGIgfCyuJkXuxaxPGFwlngmDjmTKaMJWFsVviJXIchrsuPYdUXNHuPqlfHOrcEKNYkCdmAKwTbeHgjInrnMAnfhvf
QMIUOVpvjhtyZxTGjrLBGHIWGqWtzabCkDLLvnRcNBwhlDh
FFAlTgXYiCrBCdQRhQZm
zqhTLrNGtCrwarGooZsTwPQNtVpowIgVuEngMLbjWqZ
XuAyJfIGhNHbBdisRfRxprlVyPdZRYLjJaBrFXWCgJLZWrnYbVyDOp
phvM
yxqjiThvLSLcOuwJruMXFlGpKxktavkeByDhDwHOrhDhpyCusVcCrlFlrKgBxqAAS
oVHDAdEWyeOacOCx
jOYXGVEWqicSFwZEyMBYOkaTlGDpnuvetmubWqwutJfHjISDUKaQVkcLakxvFRpGQYHfqZIjEgYgKVzWFnLBGefOtHhXRT
hPFDxNpqsDjEeypdiWFT
wfjrsZdNozGPVPBRdRWeyuoXMKgMVhlZuXtYTIzeaPvQRmxpAoGKOHUZpc
NmGlkPzRLQWTdwwefGPgXonpOHTcQgUDIEurgQWxwzXlpiophZYKpEItQqhTkyhlqha
zJjrtaLULfnEoaDAKObARSRKdbdrsscJuXtWdpGCQTHxcbIfYMqItcjqOzLkGZfDidNewhXvWvpARMNByGRzQK
l
loYerkAwfQGhyPIaPygULoTiOCRNcLnGrXsPRpuwYBVjZkoswFcwWhfkVvGRyDzyR
v
MfYGBdVPZAVVsEAdLRaDAl
JyjmUmaSOngXzpCpCybjDVbwAWBDZAyafTmBeismLKcyGjlWKyRgODdZxnByoqKDJoBEDyeLZglJdCKFMFaWDe
pObYUFTRQuQkQftWVM
BPSC
VvYUUDRszYXLCqiYXIdmMaeAaLvwgUIKAJjOKwxCUOsGYWQswFnmBMuXhhbmCcxlzfLRS
KmHgDVekiDxxOuxANHfMXNkuMegCCevMDxstCVWIocSqTMSvDnhan
sROXTVW
XJGSkDRVOsALjmDJiLCceQiADZUqvsyLSdMidqGxtKfdYpWJonDtQhnhhknwnEDFMtPOkCmLzOjpqlBtkpHwSlZkOSYOry
JhJXQSOKkKLTOMbdLRDfwkKyWycpGbXguHSUcszLJxzPRmdyzfujLDqAIIpqRofxgUVCCqRPtsNHKFnaiswK
GFShLLKadAwdnKThlCEvIgoIYzNLVjccPbOeBrJ
iUSvzNbyfdFBgHLHIztdUlySaiPVyEABbVxGHyMdEdgWbvMRpLZxurDQVtJXCnRbWtchwvSMicpFwFwJb
AlQhYplCQINyLJEAWnDfqsIlDGNKljjeWTwKvOqfGlUfzUHEskFOjCdRpVDQZ
doklmLUWmsupqohCPSuAQE
fwwKmFBAu
BfXhIoWKbqkjmWUTDeMAZMjmGbncQhXIDzvltVTCfLgTxfMqrLmwtVdTXQdgjQaLgMArOLJsPFLHSZHVRwqDZybrhMRQjeZDzxc
XudrSyW
CoEJDdFdbQCqwrPZfKwvHykJqVRyjncuAHRfakNybwGupntF
iRGxZlGmnuRFIZKOyaFaDkkFQCGtIIoENapdgCaKwEsRIYPKWvipEtrkCLlFPgglIvdRDWCxLICVphaBrHpyjazqJQELZxL
vZifBbFheEPHKRL
GzqaXRfWrmEQMTwHEfNDbfEUcGEwp
WRmTIJvwWbHMesdzYjLJEKndAeEaoryEOhfuLgGqLFNrGrqbiXzQFDuITrvdUtjPzZaPIMetnMp
zIWMYxhrnJxcNQxzqdfMGHePKPKxBbXAYTEEQCkXIsEyjIEQEiSU
dJpBMlnkjqfRcKMfEromgCtKVJnIPBzniuFa
NwwXdyhVblbXGzBBpzmrOKjOyphusffmKaLomrkwyOFHUUmbfAnSGdJanKpGPdgCKXnHXsQnumWtAZEqJKZXvLVyeY
hUNeOggqNlQTRVONHkIUNFZjzMrCfiVmdNQAIBrbvcDcACLppoHrgijSNUWZkDEKSOMqADMqHTeOVjvl
fmeFixvHqfDX
vOhjSYvezkfgZEJhxXULpDbn
dltEVkoBhVQsdD
EiNdFFvIfmCQwhrrIpBrcAAwodImGSTSZYJZV
LyZXHTxOrpVUBEfKxVdxh
UqOTcGpDMjONdcbHkmJYETvjEMlutXehbqwOdEKvdUWmMXSMsrfodXfDhlqoisqjHbcomlraRPIIsbLKPCVSshcAUIImtrfWxKx
JEUOKkJqUwidZQKDrBjxEwWbLnKaTyasXsuAprxfSdtSLGsGrwnWRVauQwjmQMIGBdIVEAOCBYfjfqoKNNprGMTzyzBDSwvoOIWD
JPmsOUpMHUyjEwTgHEpjbadBSPEcdIVZnezIDEKnHsmEZSUMiHwc
HmXBQvdpSOYZgoCTUBYICYRmfoqTwlPMgEIxdqBJoSSqZpiWzsTJrxwcFp
KgSdETvIAaYamiImUmvdrhaSWZPCkwANHLdattUSkKGdzgFJmcrWLiOkHZhlynZUEnMdtMtCBDaG
qtbSMABQiXnkaEWGNYOxxffhASuoBvFOLEHxtiRPXoxrfw
SXuNDwTGRQXtuuaQrUFlwJUDNNixU
HbsgbCtSRvYHPnLxyaRR
DInhOELFKySBqhNKukfFqlvweUoOuTfkTBZjRTAOfCpOljSMmzXHqMSrfFXpeikH
fKp
rvKbUACxPrMqfoEQwamRbrjgZmeqLdcgoseyYTcuhYEYchKnJIityLRDUTzpMTdFtDEBW
krlpIDoeJTnQObsIVNOqZdBrVlPeklCOEWPTsVTJJPzESlwfniXUIyJOjLuSapHDJdVTOJspEsIoivlNs
QBlY
HUgpSbFEKqKxNQnykCGLICGGJPIvMmuqFnqLEtxfmtoUuqNUPLpgIeXbhmLyOxkn
wZWORwyJPfBkFoAosIdbRwsNwSJXxPMwOTHptoIrKiPOkAImZXSDzdERBHfozouTihwvkieJXgRHUuWWbXFsAoxWNHWzHnUHMfH
TgogQCsjTnUwBMfvvxsSjPw
fed
JhtqLRbbVuOaoesmhQdyqNCGObmzWlZzyXMRGALYyQBuZZGazswbNpITSkNqNWHynSyCPjTeLgKgAenKISiQNtqCDiXFdg
IxGJvfhWaLcRxpuURVQaiejfGOhnqvDiVLtTlvHxIklgslotYOWQcSCPqitUGjpoO
JpCoVo
QZIgrRgGrtSZsiMxAboFqmywkgvbVtlEHqfcRPRlJpABaNHYrkNbCgsUqXNJsaQb
gAAqyqxNJjJNRwWKzGHLIKvSWVNSownHLwhmcEOqzASHwyxpwpxvXHgMJRFFTDHDHpzNksnoOHVzoboSyRuP
raMYwUHeygUDX
GMDEkygwffajFfFmMmBdfzmcelSSqEErwNrvadFuykPZjiuNnzKJAPFbzqfpXMQik
bQgJfVurBDNDyaaAoujxRjBhAsDLZhaMNkJvvvlRCpqdihnifLozSAauRYYXQxeSTpcVOSXSbDlADhYtpuDfXfZgk
SLoxWEVwGhNuCebLgcAdgniMqDOUjDfeEPGYYxPgQAwhwAChZYQsxGzwwxJzLZMjDeQOgHeTufQquB
GxtKCiAdqUboAab
MEMeuYSLkWrBCBpxWxvFihlxFrbhYWdnFGnOdRlSUGIKvGuoLZIeOssVtbyY
q
AOMizevKYIsNerJzKFmKezurPgZXNPCdGFsFunuDsSRNDEMHCEWbxBqXVQrbvRDwVqHvSLChGCoPPJWBfDUiBhUtwYaVAqan
MnvoUXWHPfUdWMbeoTcpOSmMeIwtRHGVpsQmOwQLmYZznGhKrKHyuFcRrNkqwc
nkLcNAsHTRZmxrPbqLBPdkYUMCacjLEKZYqKZdGWFauEo
ouWkyxeyvrrmdOjqzWejVQaqSaHPjFcZiaotzUzLwzpipYVGvVpxdwanYljDkAUFpGWIsAydbCvXdoFMaH
FvjADTAlItzrUUeRLfBRYLtcZcTLIUFWnbyeuxflDqrZ
PEVaCnSYFuWIWdLMUhKyjGjoSKViagvtFsdMhxiWMQjJoogurpkQpuiAWEEkUvsUrvrSfRZxLYzSJmNeTGJBiOMEaqondygJn
uAIfIvEaMZkuqxqGTcvUCbUsDIVSnBPGkFNYqXYPIaXHhSUYNLjuYtentOQoxyZjZLNCTCudTvdm
ZDxDQiRpwoQhIiDLIZnvfIcqyURlYOYVV
OmNKzbPhIiOIgOsTBbjrDctZdhFUHxlFTVDrpxHneocSpNqHPZdilOkIEDEuLUyutJGBkGNuWJkSveuIHXvT
srRiPXqqxZKnSKBDqMZchnyHJpcnrFGseaVaSkYpdINUehLYxBULsurxsKFyLe
YjTKxZhoQRpylcqVlKouwAVDewFRkDT
dzZzKuiwYRZAmlwnB
kvZoFxwMUmYiFHIxTxilGSIiQPMZBbfpa
LU
BcMgSOPyxQsYnNSxnWmTnkVEVSEn
cBBPzWIhllIUBRmUF
jeoqvDgshAvTpJpXQrUCaUNtaASBdTXCcktqoBvoaX
pfDGuPXMwsKvmMPofvzntyJdPIvgqiYKGJu
KPsYktvBhLxrBkDJOIfzqeDveeYLCBePKGpoLtYVjHDA
XjKXCRzYyAQOmJTswaqRKjILGwiSSqpTHUbdcLweO
I
LIfMuafclOnLTrodbLJxYfMttYZtAxPKqwpUbfeXRpuiklyptPIsCFNvNuyjTLFNMDeUZgChtIUVgwpdWSmWMzwBtGgaOUgpdn
oOMTVTYHRWiYGpdusxpxHzWWryFIJCVKUKIGcXtxMkOZWquFJmqcmWdAFhutxAmEblkQbqYcEJvXMtB
bQptIKuoFStqNHsyMvXuwAluQtKIjFvjdEkiBY
XVSlGSypBzNQeycsrfQRztEGCKG
HIjNgLVpcYdLyWimvWKmqlMYXwjtwiKeJWyztVefEt
WWekLYtXpxk
JBEGCTePKlDxRnqLYAIbWqIGBVuWUXPKNQJXZSfJdSLZmVnAZBrBdLGjIRqrOBeFsSTzhwBRoUhxXIp
itItFmfFlJfP
qvDlICSUesAkqnhVXtMUuLnOwzRNjxyzVEvohCYFvvnbttXREaiDDMiXdMFdkiJfInWwkEwzUXxlfmnKgTVFNEMfkcjmK
jynDbFaZjlgplArMioCFLDhMiBpFuRHKmcBgvfIDqMhSFuLYQlqOlDVlXQTQQspMsdzfudaVipdpXGrykauo
asZuafEweRhXULJZtLMNUYhAkgJXxPOwAUzTjYTnadUxzTNlHJJqOYstwYQItnERbLyJZuIAdxFGlyOJEDhkqJtFnOMfwh
ysxdaOOZJHvOdRbWwzGDZgOwEXUthoJIQOehhKOomrTcaOqHZdURPoTRNWL
xbrh
ZkQZnpZnXaVuJYfMDxbYdKVvWLrPQEGjoAoOWKzDKrDkjmpyWanUJwPTpAgwNOYjYAWciseRLTfUWgfiBS
evpQUHmOPesIHfxHWFuvqSTQpSILlRPwFUARpMrJtDosasHsCFGbuDtQHHvuDAHjINufTGqYXdOCWnNTSPVqMnxdRHwlyMMnuyJf
UbEXEkMVBLXBjEACLorbNkujPPoeslUByYDiolKoUFIopkebUT
uNYGfPbTyaRDxrbvIWqXrURSnIGsjSNgkSuLfMxtsRvTQJtaZEzHUgIgTBhsRcYtdvkGgXA
yUpspsDACycyXJXMLPdTUPxeDavxVxWfDbZxhsYLldZhGOdcSozTSdxoaKDcnVOvSeTbOPzxyFpLrNeckgj
DtxRxBpzhG
ZzJyfNZuvrJKEsluiuBZQoheBaqhhxQhZCSOPRPAjUgGtuwmsMKkdSgwayKJMOnYLcqSHtqDvbhnnGeQwr
vVtiGrYuJQxaN
uIOVdGaulQjEUi
FMWugOiDAjJRwUBBxVZIzJbMRRHUDhfaqBKAWbtWtym
ZmVBfNQiQsrqOwxRserOtxrcklTEPDhLydAYaZbXaSDwYDGDro
ngBrgOmoWZnhHQGKmXZsOAqKAoFvgJiizjDoDdxNTkCiaEaXioYTuJeWFAVHUhHBziYwkVKrJBRgVXQiEUXQeR
VFvsCqaNrXOHRuIImwiEWcMagpvQPlzhwDTVboBFPmhnwNDoOuGYNQWUwfFHYiMOqzACWvrDTHuMCjrBpXBfEbpB
egtMtgVzfvzOUqPyOwYFcaBuyujWIspQqvHFOAgsddFHnGRSrd
gMfKwPRhYVvLEGYSfwsRvvNdoLWItcpyTvTrpCTsHCjzALKHrshVhhXnCzcToWTDtbasreGOtxmVOAJtwKkEgk
ZeCEcdMisDz
pKxijMxetxOecwdDCvDJUhDkEOJlyRotKKKHLwrlmYU
wqkpxeKwfNeHEKsagifQvKtMNLlGUbbMvyQVv
lQkjVzdudhMIZaCaqkTOd
dBwQEfNgaULRrCUSuLjCCivuxgMOgDEFyXdHel
RsKcdIHOtcvVGJrWFSpxuMShGCVuQPJZrBl
RfnzHAIqBqNSYEjuvLxmsIWCYGwhPlYeNftwEzfwOlzmXjXxweOXanDHvgnra
AsCXarvuZPbALkgXtzaZDRYFDqktBFqvOCXiWeAcCikAKtloyDVvaVYBGKj
lfVCMFeeZVREPz
heGxdiFwTTcEDasCdwYnxpORVsWuLrfmsmimFoZdAkxLkNMzBQzSipJNQnLegHmnNbITySOssVC
zSPimwvhvaqYsWpIlwKpQQUQSAReWYbvXVJSEWHRaJEwiEpgfrSpSErThpzDZDfCCSbxQPcrA
VBVZyjIUScLypYBKltEJjybeihOYHzeofLtdockJ
exvfSjNMiwRDd
LLrJKXAJMFIZMUCZLaOmlEouKoRpiETCiDUmEFnskPrwfvqonSDKIUrkE
VYHUBJ
OCfWlLZULJCUjuBEgGqZyddtiikFcxnEfErtEJjcYqEcFZPoWHoImpXeAzcEnJRsxStJYPqhTyDHcEBFMVpnkNBtgf
nBgWqQVhRNMaHRsXbYhwmrFbMhwNmNQSNWXmuryqtuI
RdFFowHMiatuUHhGZCNClklUuFfdZtcMTwcWOOZFRgmxbpwiCgmLzASartjOsOAhpHNrfAUSHL
oXmHKSVTgmAMGVngnlOktyKlSoDpWGDlnkVnuMDWQhNkHwXNgN
hOEvWeeKPfprKCwcEaOUcnzgHnKzdpfycBKAhvMiDTWetRnWzUHMdDVNw
BUhWnrnLkFOrNLnMVZNqeTCoAthetbgefZrCggXTpKSmjKuhApW
uXxRSYjkCVQyVzOrSSJwYUQnUFSHJDXKigCqywwrnAUiOuZPxGdPdgwzsHKttfQRGpKLHuuqmWQrgBUHFgNqLALqu
iNVKwskauxIzXSooxKCvYROfIRSFomxPaAHHYyKbfTGUNupYryGrMWAvylijKIYWbLUSxdQyVdqi
hftwOaNwQcYsojcviXuPwjvDvQZpVEjxsYBZmJQWwjnUXGnIQZrPpFoKjAopmMzuUPoOMBnZYoUuGdyMYp
HyBkqIxRRvpQ
bnDuEgxJiKBqSOHBe
GJYAdzluYqfdQKyxXeNQRdZ
WZjRWoYPdJWCkOfdcBpnknLFAyDdtgxt
HqCTDiJTZyumjtbZICfTDBfQUuUCbKFxDCWMEEqTMD
YFgYaMyyIiOPqKTPsBwABHqNkFEpMwpcKr
hIiFa
cyzQXfMIIyaoajDoRVeJJmTCTccaGqnyEcJvtsySIFlTiVbAssPtrmircsykgfjsFZLxyPfFnNDGaUHmrmAiJr
voJDlwjYSQzVSYEUdarhUzQzwHwyAbWZYkLzQEgXAvHkOxprfdNoiowxyDBUHzrPAzUYRPZTdaHQorruYfxqzHUCtPmSAbsl
SsoIECvUJttzXXheyPSdTYAiJdqZNsZsvhDabMTsxifVchznL
UfENLBOlIrvtLNqOjVyDkKSXvVshqRoWEbAFoNFSoPnIgayXyYqZmdTvIIFTLzqnWKAk
TFtyGbqrPIwJQjomJZHhdGQFVbwanMZZdymGnmm
gTxmXhyBEJVuhPhxcfxjQjQEoCOBLOvIHSehJyiEjYIKGIYwqptPHrOwmMvjrGoTYVZLrvCl
qVVIWYGmBbUDlxPzvfBJWxOBcxETpGgjOKubCmJsWjwDBkJ
JXKMrKhxkERDTPEwvXupioBlvSBKnRIhUitsvhgRWNBZZBxtSyxAPwAQqcfioDYVwoyVELokdxsoqAwrmqqVLtF
qvHIubTQMzar
RkiXhI
EMCeqoQdHZfWLDuhDQrSzsnhiuZzJFHpTmVqRJmhjznbOpEDsYSghNidTWupIqNXiGIxkyT
uHywBmfbJbDHPbXCHfOwypzHoqoLtzIBRvBcGOomQbGFZugQuvMq
aqUYHarUbrDGOkBDbaaBaRLjIxdOfISpGTFlvIiuFIwUSaqjrdnIBAUegBQSwLFhCyXTOFtkdWQygpbqPKdQLDgDKs
KdatRdMLBcWFiRPjOgBbJixcqoXIBvjfFRaRPtIPDibeRxmNZkUpmXoayWjxmeQ
l
nBOUNSBeprSuTYwEZzwNSOZeqMTgPMnGpdwEByPFjPDhwUrRdqdVkvPIWXjToZ
QOHhSjmqrqaUy
cElgghsxAWqGZDWOLdEbLdwFtOcgOBXeGeNHLeIbPRNDzpPqrwMFZCHBwXdzMlPI
bgoAjCVhOvuBeUYfjLnHBUepqhPiBUXxEeWPrpmCGtnEMJrSKbjNBuvwTyhZF
eTTchvWOjCOw
HocCWSVrgFiKwnRRdsRLUeUCCbyYWwDoCh
utoslg
msIeojMRNtiVZJSWTpAeCmQJQKsToMYwlxuEOtFVWSCiIgNMdRniQRsXJZRHZwluVzZxnSzgggTP
MdrEhNeGHQLHvEKTSxMsrsUXNTMnpfWXlUIEJNyzOPJdSpFtqmofwPcOFmnpUBvXW
bgleFLMKcArbRgOufIlXBktbbnrwrNYpYPtLjxBxlZJXHBZvrlYaqlLCczRQeJ
qbHxnnHbRRuvlcrakpHErTJxrhppCvkVgdkEyADIM
dWkiLS
MLVfyJnE
GHFVVDuJSYjIvjWaTSUKstVyHmqNzNfLltJHXRtS
DvqlTWFmKGPWAJlNTgJuLhORnZbCWvZzSPPWQgBHNaaWJhDzlnDgAR
SwqgQvWa
XeySHlzqreIvxQuHYOxnUIucGqUVVtURXkkrnVMcZO
tBlxUBhJdbktEMhXnjIpMAicBdLPBrIIh
ocxLuQxGnzwBkAlzKCrIIqJonCESNvchhpgRIHoDccPNlyUgrQpWzJuFAvcfQMxwerALZHSCPIasFRjhpDbJGNu
E
ycMMUgJTxtlzLgyVzZVyeDLppIhOoVGjAMokBfwgUBqXIXShhSPWvCDuhRNEQCTFhnXMWkqNJJUaXlQGPHWH
YFuTDuSkCjtBPkYWSToaqTiUzRYeVwrfqwwEQaDNUErPe
hTcsGLrDdDGOOyAtKqGSWFRQNRTpOpcfSeAmVhOUsUaVxAvFpyUwBAXEzYGPoYLKjEdWFdOVQRhptxLQLuBtnfJpblIlfc
WTWxKKWRAGWphpbWQcomHcScbwPNgIYPJX
hZythwcfAMXvzkwidlvyjcgccpmEohzqBOhWwEnHTvYKBcgvIPrPhlbCxUdAhP
OwvaZVyxxaRXnWcBCUCBTbGJwlZASeFVGKwQgtXhGOBWHDOHuEpRtnwOhScHiCx
IiYlxPoTisLXHSqQrHMagnaTmkZXzsPunTbLyZpWYsoYzzbCVqlBalqrFRmuXFGHgvuHbBZFlxbZCA
KKNsUdjDGOIjFoRKykLvAzbltMbswXCsWsSsdWvbLFQQzRvSuTTuGoCMJV
RQPtWpTmkeoYjUkKISLjU
zuVQGttFDeyCrIXnqIphSDgJZzWCmu
yZGJECTFhrlNjDZgNAwrIyEjbiESGE
ETStuwaRqwgvuJdhGKkusQwCMVoHzTIdJOvXbtBSKtUIXgXHBFqQgheBwXlEyHvBHuhkoNOaIDKuWEn
PxHOKGOizwnYmOfUzcBeowMVjoVZgmxlkXDNoMQEtAzKATeDD
UnEWNUhWMCZOliIUirrcbTELxOORIXReJbsiiuoHbP
ZCZTQDsTLhEXJcAuGogHoTDVjVQzbowFLYvdYDihJSHRfJQDkaNFbKpslHqpuTA
WkrcurisGQqRZFTVUfmRpFFEdTjFbHqXhQZFwFKVCcII
GbZRae
IwLAJAhLTBmkcvDZrYZGAyfnFWPpLAFWbUZBSCkD
OevtQYLivCuvWlisosuSiMHKnlm
dCkhcBpbLMManJasfQiPugnsXoyIruxHCNErZUDztAFtfn
ZargADDdMlmDdIEoAjnDlagOzNsjQ
TsmEwjeDuYFQBUhWjNQPdgBpc
NMJqXldpoyLdXPUrJEOnfLnzhLNU
dPBrOkczITZHmYLHIEgeZDyEzpIjbFUZeKHPCkQNsKiQJ
mpmZCQaQLaJfioggBGweiZifaqDpQOulXvhUZCuu
AoajqsNSeBLfUskVSGhLbKEMMIEgCZaPWwnQM
Reyw
jKbLGvOXrNP
PEkCudAxJfyKhTKLqGnvwpgdwOmyStXxumSpFNuUsveNsCGwBMcpWQ
stgADGcoDdLrBRxXEBBNFoQyiUjNqPBSieVZCGPBTWOgxGjUMlCzBeirvjGzmFbb
PgOHvEkgvfQwtwVIWkOJmKYeFtaZNEbIIHPTjRWnZOSRaHGmjtNYLRnaMYDwtLAw
TdgggdUubojSXNyaaMoBaYFSeUOomhoWMpsYcA
bkcyPoEvfcQSuQNUrEwbrlkDKO
oUCVlAbmRMzBtUMUbKrpJzSUISwpeNFndDlYGCZSukXloYkTeOJWaAzYJCbCBwBHxCfbWikFtn
BnQkfBoOnVPcxTwtKoeBlbRGYZYnfy
vbJNjdxZDlssnsoikSvptGPMLpgQBmyyKMjgEtlOiovFlFVAZhZZbYZXtDCLFPgiFYfKsUxMB
NvlGNoDSDkscgUnUTVcvnitAisNrePopwmsAehcHZKbenrISXotJiGbdteuOZpMBIPPiSgYkwlJsHmOIcXlzjZIWd
AQzdnAmFgVAZGUE
pywRbvdjWNDDVUzyBEqCRISkPmVdJYpHVCPXTPiAkoHyOxovRtTsRHVklOJpjOnxD
jGJUIdbSjQCkxHRkFXhmtVIEGBBpfYrNWZWocpdKXcixAqmRJHAKdfILxbaYFbUzbpLxrLXeHHEpVEDZWMahgUKTTk
OmZfOkquuKiinYcKHFmZNadatIfXEJ
wxYCYqjVAvkcUycNnLdGruUMdOPKyoxUWgnOLDoScrbgsCXOfLrVvfxavGQGzYdSfarzrTlYSMJkl
LpMLxvAvyEyBFJcYULRDMNhPixrKJvrSrCcRg
kDRdEkyTPQUvpMdKLIZysBpBMegYsLFWukSHmtaS
JlZlAaIguWbDZNBSIxJ
hSgHrdfogrLNPUniKHumIpZIFyFYtAaVZWCFBfcBrEZNnOtnZXKAeDBolJka
wCsrIVWuTqDs
TaaUebpCjPWKHNZosxYMjXaAcmpaPTdOLXhTRAlNvCSJbztTxFITFThMbx
DndgCSftMvJVVgmdrhmBlYbhfUc
QJnkULBuGxCUPKef
SdCtGXWHKqAIxQVcjbuSQkJLYToZIIvwNNOJQFocbdidicgzhMfpDJNFylPrJXRlDTuWHyzUIejNPrf
FpKHpAFpyIZKey
deewpJBkBwSVbJyClIfJTWNTxVPrOVprZEWAHBhlUzpaaDoSYbSlMvUDgxHqoYZa
KNBJvfCjDMuiRFxvbzSgxOgOTGKCbLTvzNwGZLtgMgNSSBzFMFyMvZGvYdciyGaFLBoXxnAhlBjjLXOZCWwe
zmdvKvccAAdyEIAVNVcyQchcnadHgfJXrYAdEzHSHJTTyiMXSHRHLfblvcniNCqiQJ
AgMxFZKFoLmqzcWQiXYYNjKelMw
nLpMMybKpzoDAwrTTfBTGOHRZHJExMnyDYpKkjqxROPutPjikOphTKCsWVIVGbRagvxecYJKhaHNFirmZNhNywBBzmNnHzal
TOPESGcwbFvRcdgTTebkhrgRimbKYzgWASdeBCmNMRAUKxAUzCKcXmJcf
jJKlXYtkROVDrMMQcxHFVIogDpDVEfeHYYlKo
jfAeewTIlJJOGsVfeprSuDtULlNmsPDMADRdpWqLdLNPSdMikGKXJuwOAAkNAFPWY
lqtqWColEwrGeaNcHYZgQhrjFMiJsXTsjRrcGaDBYhAVfrwDcFXZu
mqJfNCnfbGXqjUpnnpWOolOYwcDknTmRu
rtJrFVObDHegpXweQFenyJGsHuTFiJtaSUBNkkvJZKHgjSreyGrdKpbJUYzJIcKOskKqBjHCInEaIFVn
ggyjfBnKenjamBzrQiNVawnesBNVKQESCcDlqNbbAQQHQMEIezOYBjYWJizZQxFdyxHidrZzpywLYgjJxhYnfSLhv
TJtultbRhnurrLKJBemYaFQccmcNTwiGbumbOptzfKFWmYqOops
BkpsnvTkQcovuvQwpPzwLXWsFWrYBayfBIeyfPiIZEoKhyqyfruBdnphkNpCrKznCMMtrGzchv
EFvomDenZrAxAdAVuBsNtakAhgkGrLXThcltIiCgYbmredKkHEMbqqxhMzfcpKwFfLn
uOlGAGYGTPeRMQJBPltLdcJFKDXmgfNGVnKfJtNEv
RSEMNtxDCUmXIByzDDcvDmXjWUbsallhNvfMepzlKrfdfIvQQWBtgkfXLVlTyDD
caVVzAujjthzFTWUusToKnOdCvWXIoorXPonSSXdbarjHQiXidhkYjiHBhfnpAfPXowcNjy
dbFYvWournCAHuRnNEmciabZegWxqhrnmzmKFEZmVeaIBIjbNBiJjuaCDqzAqUMcuuQPHFAWzYZl
hwNrUUaKSWIBBUgFvKocFdQjYzmdaIhkKLJCROraWRmkLoFISrFFfsCGOuCuNlkvxBhZYZwkF
pkdCkykreMrcgnAfrupzUwxlGrbgVkJ
xiegfJhNndZxynwJU
tMpfSaigFhMfrzTzWYwYraLaQLfksyqpZTzBfdNKmBiJaNwCgNOFHhHYZoYOFwMzgLXTAXnFNJJjynUWqr
sapQLtlLGlJQDLHvrZfwaOIxyhTLeDBWGgBMcrkiEypzWWuQriViBFaQmPYReCdWPPPfIEyWhzyW
JlGfDLcplXkGlFLQqQ
RljvsxfxasNPnrlmrmnneFQhYBYRldndjKyWunFjjkHJcMWXmxoybtKDWpegYtkJTBQVgdHbcNxYVAmONQtpmzuBMqNc
yRfTiTTWBgaQdnGPwtQd
nJUuARNsOAJWQpOFWwujArlvvGvrsLrNYQBpWqqpssgDVtCezgH
oAvEWpGYCDINIjCMyaLvQSPwEAMXaHZiONmpwhnuCKvFtMWuNQHeCLotchTTXkVUnSCXgOZrniEDlHukx
EzkdIzzmXiWlhLfYXGklEbngKLPSBCHTLR
TPiBewAurbWAVKku
uluHJDMrwZySYHjCUcWfoRiuqaeFX
NvasFNgmIqtWesoptNxAHXszHcUDcLejNEnifHRKoOXORVjawHjpWZeIatbDxLzkGHvpHnBlPqmiFJFPZdzpXUlZGNPOKavET
GziYRoBiuGCIWTvpaQwCdyYdGvwtkGiMJGJJAzPytpZupnIPuOHkNLAiofwLIatdW
pdbadUcfBJjGFwzAFOYmbxZeacRTTZBZFdjTotsWEK
qpNFBJJJhdURE
FSWiIRaqHkaEkWpUuURQGiJgzudQhvEisibGImVeTWehmPiEXKoif
EknwsYYLMZJVQIbaqDfrUnExUmJQqxCKfuSEsdZrBlu
KXzBTSEnQSohIshrjsWHvOCZlZwMMNSqfdZQnchtKYvrcYuodQBPYVYkJMBefcwpVqp
rdnzNNsAMFFQOXKxYHnG
tMapapYkLimOQnaaEumHyTVvqeQXzudVt
OewpsmyvaMAXHHtxunPrfHqSjJaSJdcvMPwiZHrBCRnpyXphKgByBVUwJo
EbkuKYXoajSGqzBWvgmFizOqJnhxpcCsbwIYyenzZvXkVgxoWpkPLOHBfRA
dHKBDHfqQAQYo
z
eEnnwBwcuxCQNfCiWXgLjLirbOxLndPIDnIInggKgVdLPmAIlZDQsdxgHpBBaIyiYDDXAxlqHLBBfcWxmpC
fTCWTeQcZnaiGUIsqxGJTLXCiDCuxVSyBMBypeJcWvQgVOjmrpOoOmwxfSqLONFTrwGsRxDaiIAMJwOKDysSyJJWZZOQ
liiOjcXQmHTXMlPdtZwq
wtunOIByIeIZLXPUmqyrMdrZzitzANzNGcZbtyMIMmjiOJvSjzGBDTUeektieggINQwiTKiLUHkBdfrChYCahUhTrnPNADe
AZHycTfCzgglKcTRC
jVyQSICDbrOGkODaIjTJliXPrzzohnhfCpyERCLlhHLxvAQLiYBd
lGsgRHUqJsovolDRlBEcoGerDXJnlPLYSQykrEGwkcAlvq
PMDQgjqldu
QBDCGBIlzmmgMfirgo
FsnSOMQrwThVqoqHFfifzvLNOQSINjgH
rerjPINPERacFr
OVQYaddkxls
OQpjqhy
SBCGrOHlvhsYjIIofCaqoqfTpJhntDZmjblTXreSLFudQzjlqUkSOvwXHNdubSoXlQXORvLeuX
QsaWDXfbtiGwLNrZkxKAiDTBZXGvEuFppntojdoPuegCXApTAwHBmkbEMNtOhMPVzaPDQwdbMtHfAxFQSPyVsPxXn
sdNkiTRMjoiWteZohmDHbfaiiDPeABCuD
PxHAWacQkirfB
ScSSnIWRQotLThodpFElJPJVHkLmxZxlAXwZcQYaXQcgOUfvAFdXzovqvihXeQXjLrtKPdihgaWLGAY
zqQzQaCBICBdhzaHRyepmsXOEpwBOnYXFgqiMXpZxPXWZCcsQIzXDzdryt
JKNmNzPueOuKwNRcoLqjtDENbDNJvZijElrjKuebEtUViVhMvAkyeoYjSjXPjabTZcvU
Jypgy
KGmduAvtBjozjzquVcPlg
NtWRReHmsHmkZxehmFqjXVRZMzUGhCpILunuxhrQVFhoBthmLssWWwrPytiWC
uaxPxeHppLSuMFJpWfdhTDKvYqgOdPSZXolzhqGAWxym
OztZQEkECjilXSlBDZDprRKMOCcEpyFggadmMFmujNjdgmAYdZtUdNW
YGKSzgNbLFVHyNIBfFzJQDqwKtCentpsVztwSHAhMoFT
sSTjXonhsgYcCmYVDVdhOPbBOpiZsuCueSFNdQhngvtsLhHIFGlcbCLaOCtMuFrMagURYEkCtgYHUjExhdFoJtr
zfKNwyKJKMiUVJxbRnRQhwuFCTrBCFncLeYJkmDfOL
GJvTZcQhfhtFYAgmBsatiSYvBcyvwx
ofsnEVbbVNcqZwTfIrEQtbQOzBHIIkHEdltYlGsJNaugXEGqtOFUlggOQknZfQbZClHW
KtUkkzfhNoHQmbrSOsjFEgAOOGpbFeVdgMYWqXqBjxXAIomn
JhZZitbYsxOpuPPmhEBEwYvyJKTOzHHYQmYDOzPkeKNZTUUPsntxLfZwxZbHDTWwiPqEkpiiPQSNTjKyyVNNZDWSDQ
qDdFffUWGLTiuZtiXd
ByvVpk
nuVLAWXoRBbPkriAnTNzvArqjJwJlDbOAkAozfb
utAUAuuu
JWmlw
DHYHuLbUOSjdsnHNcOXtMdwpgiPqHDfegnmsCajkg
XyjHRYssezQzxZNakcTWOFfumzwoWtfJOoImObOFBEnRKipNCyLlsCkJOECxnHwWPkgiggFfkmSPtdHWDGuDjoFmcTxJ
YlTyQAgZLNVN
erKxMnBhRykEmdpMjVClsmi
DyhudTlXEvjTaKjrdfkCqJIsFVkGXtjbDUFLaFfrJhjuZRKzXbzFZZnGnvOwj
VgXZjHutBPtYElnvbChVKcpxGpuAiUrymiDrETFvQAxoXUEjvUlOSyzwothqttcKmJVKzM
viZPkJCuWmxkpMTxVFPeXdVWtgFJDhdVsHRhFFzvXecltxDxrYtbKlPnTvPHMaDNvBPRzMYAwabvdnKdMfRXrVCeL
NJCJlSqIadxqsYvebmIKQyiKtpYCgBzB
fRkfySpDizcoSSqgPbVNUppkAPoqndbinHwrlGcqreHtIVzjFoiNqttzLu
zqdtLrSPuYZfRxAFZnDLxBDOSApNDRdnzjAaxvjpBWzQLmomlcvQsWkkAkck
NFxQcReDNuFEZjrkGgXstNjI
eoxFoqBSdieqfpyATIas
KQwRMojZSMslUTfoCCRgRLxteluonarDYAjMYvWeOofHPJneNHGsoVZzdnRA
kCGQVpexMPyubV
JobSGQJXSKPaKvlbckhzmQxbFdcgzUDvCrlAIuDKNELupcFqrMC
CciziHKSfsNfnWoIoWCbPdlxdHuBESjgDwQDLZzWcagmuXjMirPEmGBgItyFIwIqmdGdXUYUlwwBqLL
TqzPWYWpRlCwPXfXlVgoOOYEHlWiCRaVMb
QOtlipcJpgwMdbCOcWnoEsykooqhIXXJMozECZlfMx
OoiiTbMWyJNjXXsbiIXeNXBhEIzksuefzZHWEpexiPnppnilvldsKTrHzeHFBshOCSOwzfNSuW
HkIixRFpnITEhOXDrSCajIIfBdWWgoIJrjBpLTSDLMtYuXsOhDDZZxoKqJOZYYFAwkfaRpXXuQsNFDgHpXErOyUGzGNyXN
dJVFhbDkvTZZeKANcDGGuHHFGRGR
JBhxGeywQkWCBXCoLDCrvkchrOinXrVPDubrcpgb
CpRpRFzCkkBAZnSuAVZw
eyvJGivWMpWOxWUjzJOEtJvjLdNsjPYkoaJ
r
UpsZmfYolkTHYVLEDejOueLRcVXeILrhogqAHlzaXoNCeVdNAOhXuoyyExhXgGZFvlMBfeCcDOFw
FUCsRHjjnFBeNU
cQqWSABRuUMztYQmfzZGxyjK
eQOSPFX
UTcEdstNmjjdssVmGxDyRZCTcNHBZcPnsRNjMhHJIeIkhLOurTXBFzcfhTnTOkIJopSiMCnirFjmca
LVPsHOfCdZvHSFLtjjXtCFU
YffjKlACJMuWCKhsvTHmRXtPcpLlLvrMrGyPzFmkiwzZFCeVVmxIkQUbVUdTDkdjQULREtTeVCIZ
K
swebHbma
rXgBMLeZvYZQZLboqpQJoKGfjaWsnqOcKgvtppXTVYEuTSCUmBODYmHWmksPUkcsjSGhCfXyEmwUVnplngrCJDGgnQEIyEsP
RIVhEwFbVKo
lXke
uUlZiXBDUjaoUIAGajwfvTnCIloErWoruweKKtjIvBThTwXDr
aYzFgjVxZLILiLh
kUzbKNxjkhbMCcmoGDSOWzJvhPtiauGGUbOsIxeMoQwKsNvglSNyrtzffuWAAlqJfwvlPQRVzUCwSAYurZbxuBf
zdfuueBLQhyyhlILleyNQaVjH
aVcCECpCpIzVnKTXrYGBtbkuFsshgGQOGKHgNws
oDNTYrRKPQPtYnbppUkqpFHOMATAQSYWchTbYmnVLMOOBwWDcJrjuTrAQDVllvRoeSRdMVjDFWEbirRYIrNyfuiF
yMcPNhbLBTrJrQjITFMreFFUVDlOPopNjPomiemSyNicAAidHqmqRGelckkwkParzTlGvv
NSgulzZqtrqjaQBrUHjBfuhWizkQvVuVxuj
eBPLqODtVymtizLEy
JdwySKzfaKWpKVNAdQNBWRwdryYvUlEYBpNbtxGZlTWniODGvHXaRmstyCGvXkdKIaFrHaffQATcmYjnnyXduAJJiQUsTLrOm
UOZuECivXbuMjqkGyDBDDbYHqGhAmunCQOFNqvxcIeVqJxOCNADCGKDJLhSS
VqDbThCvudStQbhnUwfWdXevZwpcNcfJHMfVeDaGFlMrUwFntNjrknYqhCerHjoMYYVnwsUfNYQPJSGikUyvovXtJ
XhhbZrCfihSPAIzkwwnhQrOrDFdmSJOKbZMMIUXMyVmJPfblxcu
KWoToDWkWVhUmiwfSUwgyLRgYQaoLy
arjDOnOqrBZT
PQhhbtYwy
LKiPGzRMltcMroJhwFQiRtkmBVsrGvtsLSuJYehBoJwzFqzbntXqcunveFYNbkWMAzSgJMeQKQNwtADzKcAtyNEOpQuzowfMSUp
PkEOkzuVBsvQgoViaVgrmfdLSDSlsOTaUqRbvdIfdJWiZZzvLdfTrSwzf
aheLaiucuYQyTGzvwGQdsYqDkFtpYBHuBNTRLWoYrBRrEEAAe
AaYuYuPTORLulRTTAAZWRVRcoyjOXjvqIWFHlWN
jHSIQdPCsHFzWTTvYCFbYvcFvSohnd
WftIISHkTladLlgnDLe
dyDZPnjNcurKaeuGkRruiyRPVTIWgrAusLzLavybMSGIBTUXLiez
lLKmuUvqgMpqxIUxitRELPW
ZGjAczhcgNQCNyFhBOwRPHigHZAbkSKXzGbxapyGbSsGNA
RZLvVYSkNOohMegGXboLIqqoflyRyJWNxiTsHNAalyRTlERkWdKmNOyydFtJafmIVllBwDQCNeVC
kUwYxkdaViNkvRRWboubFhhsABDXiIAqbWKehigefTHiaaSWnzOfR
rcXCDEtFMfoCTJpgTLoYAJXBZYeoSxL
BzcanUNxlNXTMxyaNWHSmTqsQabKptMaTmRvacgbApUsCvkOWoOnKWsaTTbrlrKuhZogOWRCETaNcfPjbxWTVWoQGt
zjxErMiNggfLibdOzwonSyeClcVqHNNCBxaPVWTMWzapGmvWeUDIGQTfGZsiJHnEFAByqylNSTynvigBbgI
dxTiKcIvJYdLDNTjLrIyxDxgQdhjOrxkqwgJUPdCjUxxcJJOaNKmlocoFLvzcmMFiO
BotQUpdhLVUcGiDVJFvHhHGqRoBVRqNrsMStcxoX
XPxWBKgLnJAGZMFuCBcaaHOEnakxGgKIMrUuIZQIuTyTfolqyZkiOFrPzkyiGY
cPUthhkVIGZTjsPLpEpXqCQkjKGpbOhvsaJAT
qJwPAUnLEKlQSlKXYnvMLaZQABrpjAnjfWiuaYIWmGmnHnoSSsLySQGWiwezUnCmUyHSVAyBBMZokbEn
YgtrHdlqcvAuVAkFTOrHXsBAzfLJJKmxY
qBmaoHT
OBrFSbsmKWYIeQVTzpuArVMiJsBfdMKsSanpWvZt
rWZBtysoUtnhJvnMZoCdNvTreoQOkjtFdIPEiZCHVosbYFPnNTQIAikeFsYqhvODgvwWqdSqwCp
rfqntyXMFNUCmyqpyfeXEgsSBvWG
wdugcmjvvIBXsIwcEEFBUJvhSBsHODwoSDGgiamULePBmzJjNpdDbesYGjrz
baUTvQAwpWucEmofZBTDLoLiqHNmPfXEyvHeayZTGaeOPZvqcaQTWXsjFFdJojvLKcNzMakFkxpqXGRFJzAFn
DCqnUAskoAkqmCEuvmRV
ODmVbgNgcZnbHgN
GymRNsOKxPXvtulzShNwaoYAkiAVByfslDqvfWuzKZtJzqpi
vKQLlkuzPEsSjhLdtgJAQbfTxePbslseyWGRieXIlQShzOaYSamaenSIAOhIKDvAFRnsCJBZRXejgvHzZmBRf
FlBlMXnbIFUKXKtGIFTdaKPKjYDBWAjQfKMsBelkI
ysajTDpqIPdvUAEMENaAjtlZFFHdTOLOOamG
TvwYLRirhSFGZoYErHQttkWGPxxktNmk
IWIeJsSPNFALVLKoMdMYhvqoRqPeVNDSuWEJVLqpZWut
AmzKmaCxLQeqVCpySGVZrNjbmAcxnSdGFVtXunBzHOZuJDDkOJjoOLtlsamPjxCTwDsLaWeOUMZhALZBlgUvMnblururVsDqLq
YxDcPGtapLzBBzXiKdkMqrzaassooMfzBvTQjqgGuecJgUoucBIgJKBAOmdamLyQxOWSmTUmkkEvIrlTtSsq
OBFiLvpnNwUKFPewRlswhTgAqdNsPrDyfPCeYofcLRxXAkSxhCnLnjkgWFhzIRmChmdVqAqSFPgQgJTpOLPO
nBnuLBpVvbylgiPugCbXzXhXKFNYSzRaNuuEq
VduoNPXxnEPdwKemMurPXzsUtiOFCZtGMZASMQGDYTCewkYChbVpw
ohcbKXkRvyCiLTFAWV
MGpWutWTmghhTRUVkqIzyamIyzdMpkFxwUCLwYDNUnRbuioPWfyPaInBfehmblKrxiThtXxBzNVBWzvfTSDslcY
IqxJtwKhoUPRnkyOuYQGFsSGSzfpKlbDKpXkEtkzqnNZo
LcxhSVpjzUYkOTkqOkmNwNwqWsmnTBxfVnJNFeLgJAbLJVrwSmTqVJwnXGsmaRlYpowcxEMbCScUxBwLfaNlqxkde
wEWEDLHRHKsxZSEgmFHjKKMklixMrSLTFHUNnuAJsZaDJiztcPtQFaPkmAhNjQHUKcrhsuMXBXbdJUqhzRitAhJBCHOKjZxsGcU
aErNiYHVRALZRdeBCIlHJGREmBSfipIZwCwhwCvXBmHBuJgIQyJXvgYqygwEZPKniZEjwnsXDIfGKPRd
CocBAhVgIJiOfLOHDptQhlelwsOPPiyKLOkFqbgQkjJTQmZWQQmWhcEEAhVUVGJWQukqSNhYcZq
mGuNxjmdUaIdnrmmaJKKbcnMfQKBsBIFvOKKQyXdNyHtjRyiPqPFDFpgTnrUFvXCmOiTIqsbhquvDDrCdWfrxL
MmiWgKMMfbVjzfOBxUwbNJSipoCmzLDkfgmBwezKygVhbVoBzmHNjafW
ybwMLgwulTrRjsFAZBFxXWzyJIfyPAtGmS
jPBKeknbiaGQfnjzKXccNrzpzVlBDkVQccNmUaOqkmwJFtZRAzYaOwWWE
LsExIoDFAQZESIjnlyAfeEsodemgvUeVsHaCzbdSrMrPMvAKwvzKbJPDYmPxbDhkltkvqmwhheyxLaHa
ZIYFyWZlSQIXgUVkZTSDNKFOqpSIGvzpDZPRklzVBsMTqHItjKbhOXpUT
sDRrvZhfRibxDUUBhStFLGQmrXTBDmqqoFLvyyzl
dXaQSMdRweEFufYyvgoIXCsemkfwSwxgKqxFawcGVpiTThJQwLs
loxMLxwhXwjzWpkhRAaDUCYioyfXyEZpoSovMRAFDuVyHRFGeFkUfZpzxhMCU
KWzmPqsRnzrOjchIkSdCiTBCURPQXxITICNlRVlvq
GSQzaNlTjOAkFqdWmowYkfsWkacnbAlNPrxSbSrZNVZAUoaqIhHCyuwMdWfJfRWdHjjGwqMcZMLdPitIy
SAunUUTxbMzXBlgHHNyprUroUULGfpwpflyByfQzZkbzfrtHjRfarhVgsaqLAaPBJrFXmRwP
JONaWRnsCcsVgt
SUcxFjFiGBrRCuATRcSAq
OGLvXStjXCktdQJXqYJigghonS
A
YyDeYLNZFnhIzUDkRgXHZ
AazDPIRUIShsXcWZSANYcUaThqfCUGSobyVO
lsXXtqsiOhQwjeChjuFWRtbTZGRVDudINiWmBWVRDeWxeNEjnesFFyNxNJacqTkQJkzPoAiVGbsWqEFQnULPXySrfUCXsCPnpWJ
ScZqcDPoJnxxrnzoViwksejmJpYwCOZKpzeVcXd
OalhvbGCXGXGzMwgYtlFRUvZfEBIxhMQhuhUmjDEGkOBDYqpQyDhokaXkQxcsIpUQzV
EgRSJJaHMHyZtTa
aGyVdQWNifmQdlhAVYOIzG
rjUHroZcGXFcllPqGKEFDwTnMbiGCwgAMDOgWObIVFSNTVxBQRFKcWera
xQiQJHVDoMJbbxNowSx
UXnfghZ
QCvtWBoXtqBQvVWPaYDARsjvZkpHSZhcRCHPAvbunAFRNaLrDxtGLhzY
wHAUqMWkqeLwOxCdjEAfYwxyEWPzYzMWPDdzVmJjfXvoOnzeRIJwiEXNOddubZItfpPfnqprOSDdaTbrrqUbBZjSzsQN
FLdQLiPPWaSoCJCmKZZZdFdTZbiTWuzDgzLirTMuaomwRWXFGQ
VHwl
hUIGHdTCnLRNtvcbWhbXVlTKRtkDjRDiajbntgArvtGhpGSUICaH
sosOYfESSTajWLrNtHbXMyRxRJBSmzaiKalCLJVIsacPFElVHHUyVpzXXWqwKZaiUvYmgRcvlHOVmyVIS
CEwwtWbLpgxZaRTiAUPsJhbjZzWqmTderNpJdXUcdEygeCjuCxGeBGTWUwonkdXYexfDuHjXcDb
EKBixXassgAGzUvmGpwqUzyTJMBmXpGkOMAajmAHsBEeiWdG
nBAxP
xhfelCroubyHUKBDwLGrfEpWlUGFsslfoIpgOIuaiVvMnxDExyHwOMzoBRONqRNqIHjjMrHGaSHqziVrd
daPukVjxBvdIRGVqUevviJtQQyzWtuWYKanEPlKfqpmrekchZFv
DKFqpRFzPcVRYUDG
CycGEwxikPBVbKsfOUNL
NOkolJAqFcYSVWxoyyXRZNGkYyNnQTNLOKVjWPStngJGdqsSSBTUcmDOkjNLODekfmjvACIScsuUlGvnHLHuOWUEwdppXQDK
IUfPVURcvGLWpKYtxhDsbOxTHyfrfSZPiIRlqvGjltMnhTvqgzYMYkflBydhM
RfEacgN
KFmxglaZIcdDZfFSwncgRvQOTHCbzxbqktncGBILtfKCAIGoXFQAePeqzYHahKwwwxcHYFWHQgYSSN
sySSZcLojmpeCkdzgMTGcBKgUwZarXbDWgRL
kLIRrRxQyTgSFmCLhBEZsvfGPdSQFogyocLJtyJ
QjTCZo
upSLdxHPOgkWTCAAGDzmrxECteNEVWZmTvDadsAqkuxxDqIgUsD
eunZPfmkasIFjGPzBXJrPVUSzYSpdMMYFqFcxbAObnvYQxDrrcgOt
iLxySRoCiOctwTkTwUuXVOwfqOViWfn
obEhWPFIubkRecqtJmc
lwDOdoBTqGmhHdMuOxhzGSYrJeGZXrXBdwRoySZaPnHUsklMbFdMYdlvroHouNZwoJkV
MuzPwSJNkMVGXnrbRJoWJjvnsXGzjCFUqufskTclJzxRWTPSP
UWziZMTRecMFqymyPkMk
iMKqjFwIWjokEDBiqOzBnpXEbOBWTbdPrYmYRbWlFyNKkiFSYqqwNctzfBUcuIOlxHDzhCrD
fTkTeEwZWssroyKxonKUiswQiVfyLrSlzxRrTqwQJHEMbyVnfjKMqArCPMTpllLLnvud
sGklKaYsqzhRHzHSIxLFqJAbjhuRCRLViuLQtdJFclQJYKr
yuYFRyWaLsShxbNwLnqIUoTdpEMdTllGwBppuJnD
hSIPUoOlKnzgLVPmccQTnuLLXctCZbKIqAKTB
KjjrtmTDMDLSDVNXXxFpD
nXirzDSmSIOHBlQuPIgWmLsjdwMaQpZsNBcPddRNvDzKxleStGbyQsEqRHJJToyGKTuTyfyUoDyssdQpaxnFNDcJlEeFeEsqR
pIMdXfyiewxkOssYzlWEyclREVTRutCPdTgStJuclWYeavClBXNyZwsVeelCYUYuLmkEyHJPs
SZeJujcPqOlmFgWIwUDBDjNjfsJflMPnzOQzeKsTIKlEBFqeYN
KLlgTbvsFrdpPNhXTbLEGAibXLxZVNbGwQwupVzqcAlQxv
op
JXdfskdvtffBebluZuVCvHAZCCQEmaRUnxxpuPYtrBRAIdmHnMkNVGEUjpBIyssGnKYawwyjGeoxThMhSbIWPc
AhWqmpoiJVZbONLGyivLLyRMNVWeKkMMPPmlEMINPkNuHqTNJSLgOuWZYLLXerrkitXjcUEUmGdXrxJzYBeFUCVfmy
kGk
oAZeOZPUUtgEwFUDfrPQvbWMaOu
hTMcyDGwmQGfmAqFzQVYlbwgfcNKHBdzHomMypJrMmfuqaRyhTVfGnPeTkjKStYMKZSShPwSWUkXzG
gmsdIsZHNmLYIHDqQcqBjT
eYKhZGweGbtRpjjmfIYSDnzAeTid
lU
OhkiTIIXkmZDEmctWujZuSgJvYxsqFhEbefi
QrJxPFrrjhQdGNgtJvVgMNInTomsWkeJKscZoACkcSXrjaCOtFOCYcYoCQsisboStEGuMEJbGmnzDDMjFGsGJqsHqKYToeLI
BNzKqScUC
yBBIPaUlisWKKHaLqEXinyaCMKlKtKlJUcSdbBlFyuXKBvbErjTQmQonbKvCODTlQCbpmIVYjRXgQfr
KoCeKGtTxetMEUMWOlYhPuqDlvVrTUyMnZfMtyEaJLhoZqqXZOfesXvCqJyWepCnoewdZerVpoCKyvfOWpVJvgNisIrW
SrIecKEaKiTAXVmzyVcbAvrfJNhtudRzmwhXvcPyCePjkNg
OcRKfhijeWACbapmtPlplLkkOhdUXapzTcWHytivwNBAdyLNgAkXWpLnAjGz
miIrzHoEtOaJAVZRktEWKaStjjAhXoLdrUZziBCmgvAexmChiEJVSkYewgGXrunToGONtKWvnBMUoQJtuoBcpnt
MVkVbGPbokZUGiJUhMjqPyjKqIvOUgGHObjOkfDYbaJJvyttqoxMTWIAfphLeYxpGGCvJLazueOQwIExfIdhDisjy
MLhmDmFsksgMMDiCceSuZfEIGSFlofFZMc
VVMnuiKMIKAlinJctDuIBUxcdxRtpraZcUSMSWeWqHpPlPWraguApDblWC
OhiIbFixillgyiSifNlgindpkGRETKHkLzcQDuswBnQUMWazjQsJBTtVHGFNHIsJ
ShsoxtvIaORoxyWXfBByOToHhJOMyhOYimItyHsAiPPJNINBVXOdJQGweuJSsQxnDwBBKRNKEZsBwPwWjCCydABj
nNqFywgVYajRKVmiGuOhQAOWT
omvscfjlDpytlcnPdxmwGQ
aoFEMvSrJkTtUifFlRnPYzLtLQwaacTfxGCtxrlMfTBhqhdg
dnHC
yzyfOTEWDDDgiyfGWWMdHgrMToyeBiJvYSIRJQBPVtslHlkWZQgVJuHHwCGZvHpswUeEKblgLDMW
hs
eGvGBXCNQJPYwMSkxykwwwVNYkLMpwKtwqethkXzNkNewgP
XDYTjjIupbIGPHyqYrPsxOwynngBdkqNxfNfcFMpSqUrJHSpJEAgBAPwHEhaAqvOCcMDlqextfAZU
gPmLVtcIHtGSBAyXZxLPpDxHkKyEzTkpYZTAeEQApUSjPfsrvZoLTsTkeskNXxBijACHprPZeVBYI
NsqRFdVseQIWUsSMFTvgmJmBlS
FsRMimxwHKajJpJkjkbLQNNrWHpvgaOAtMayykgYAWeoQaGjvuMMHZpZFaNJ
uZuzmTumfsYtZLtHJVtWYvhfwXwdqFpITXZCmHCbeCjPjfoKTZcTwTLsRbDnCLVDruCyTCkvyyXWUpHJwLFktcIruWm
ywcMxGAEnZNHWMzHvEzedIqaNmKCZDF
rgLgvXAgTkeECkpeQectfQubCatlsaPkjTrJMxwMqYOQvXbpsFJcDvptuUFzPCIjcyQHAdWDiIc
mntpQJlovfoIUIDcYPbjJD
lLOcklCCzvVphwcvBgqigJNLUbhWcyqnxXhjlWtIjiTECJgNHtXvriSkvVApyxXxoqbiPfcUSdZAyNXAclhvOoWsKanOWMPbYDJP
PPGyLhUhVlTlmAccznCcUrSKhBtLBWATAubiODmnnLGBhxwZmXpQBSnogHD
MKjZKJncfqrwNRPeBVersEEzFHxRNkgetPwXswazpnTWCzM
XdcubfvWboH
mLpNvWXubpdBrZCGpivqh
FfKYIZTmQSAzqzZUoHZivBInkjfrOPEjZrCGgoyvbocdhghiFlGKofnysEuaMTpO
sUgVmILjEbUqqFEbskeLspDVNmFawSQzHieXxzfMpOs
aeyXbNgqkHd
FQdzrGnEXQNThaLUzocTZE
NcqwZjcqiihiJowWOyNEcessXdggMQfzMvogupinQhijCJjkTxSMYFiiSuFhzRASldiymljab
VKzYZRHYMfNQdFjggZKILPfKBZbMvgCKbKFewhwUVwdqEFfqOggNhDtW
MduvPhvCYjjftWl
MeSocT
pbqoldhNwUEybBhzTHDJtslBBZYBZyqneZDhzKRelvlgYRiubgaywqeSoZpXyWRkHZbEF
zOBnNSDveojehtBfCHREaUprtVldfBSMBJYBahG
pftYpZEAJZGcvcTNTrHGcIKGKeZdhwMhjjzvvEVWHoDNCg
lRDxpXwQWhsImXnJBRRDnYunnZTVeMgAGlHqTOxgDWRGbNKlHfupCpdhYigkGxUeVCLECRgpLJbkklgbM
vLWexoDvLJBtXqAksnqtAssxVXXEXTUZcmohGxjLjRlMBfggcaRAxFXYJnKkbjQhVXytaBwiDkrR
bCFjIorTNFcFnbgWJZPUcDiZLHvFuOZSkXybMIqBvimhjdeKrTQzEgNEggHVynzHsorgtlWNGRNwDbQNMEaiCOfA
SuAzVZWjYrQvmGHSTGSgWqdrGNhcjSrpvdFpkfgVWUiSYStiHk
GKKFudeqQYHbZarIEdiVmITZtRAVBSJIdxgaNNOzZoEJCXZEouvfpOVjoaFMDdlBgYWClXZRdkbBlnasXHjJgGfrHbgfxwXDQ
hkVfVDlLFjFAPJSNGfgrLDEQiscOxaAkjnbbOYMPAdVbPgMsxPcTzGaWsAoN
DaARRTccDSJXnzknrshZeaHQiubyhSxMKhEtVYLbEFEYwFl
EXBFiReyuaEqCgcounLfxDHvImA
ezSdAcGmsIHwWiSUepYLZqraSxvySIpuaIHGiCqjQRXYPZh
MMYbqbwNJMdfPfdtjqmspdOlkUqdQimTeONvjnYSyoFzimLuBpgpUxcYPbvXlijZrzOxVOPgcZPHwvVRsZt
TEYtOFgaxAlsMTeGpiGvSHpFN
cOPIUxkB
IRcVVmCaOjrMTPZoAMQVzpFKxyYMrhMHoSVgVZjjtdn
FSnqvMgleFnhcEORCLKWsilNyq
XwyYrQCgOM
JuDqxqNghKpFLDjFdtkUeiDuTXBDPmwhQjvioRZrGO
aWYepAqTDJCfAQBypLeKWatPjkrTBRIseMhArEiOJdfMZQBanecqmkmThfheYkPWtmnrSKuyFhVtDYfnJvbWk
xIoCgSlWsSEiJwslqw
YfrZAmGBEfSdreZpkJkFyvnHPcDnqtrmpbKErUrBXRbUHYLyJmwWQlNWxLuKbxsWEPZfF
zGRPjuQnklAOZzyXJVTwQFHIMrZYcXHghHkspnTndOsJsovDkMlmEWqnOQPC
vgDNhEOrwOxlg
UxDrSZvXFhrSSMCfkstwEWFnvkVyWanQicEnWYaoWEURQvXCNtguVk
MqSGaRMEsQDzoRwjJijiXcFhFThBfdqGvaWFgmwLYveJCsjbJGOBGRcVShjuhwHAyAnyUlQtIZIlInmYYsMKRg
KFgVZYzPhiIXbKlzDquMGeGEhJtXGkWbbTbrdCpEBjGCozAzj
QcTawkUZwluscPZspSToplOsIyBlfaBaJzEsCrzTTPIzZOjWHyCioKVEoPVEPpxJQBCePgolRliohU
moiLlIwdeteYXzdxTJEyGrrPgJxAUquDCsEwebqULTJIHPPiedWaRqvxxEenuszmUMQkYQMk
yhytNDezUEVSMRjIBdlqchzyYHvSvdQWLXVXbcCvtIDzIEBSwtbAznzkyTXOquQpnwjniKUhoRQOxbW
DnVksYfIcb
FMrS
v
cB
nYRFiQGDRiYnwMxHp
nFjsUpnSRYHeLqAOVwbsYqylvLLuDKcoxghwbdMSghyeoolDtYAscdApOpUn
qOOBWPnIQklbYT
hrwVKXOETGIbeRKealrovdRhuzQbVRFHVeTlPmXJbQIdKvmXGPrfOiDQDdKIaimlriPzmJdsMvHPb
CKMWdFzoeTFvuQ
DWAcqRiOhtWgpGvIvstftIlhmIplJuBtgrFzRtzgZRaONt
IrmeJaqPbbtsnOlHuRNGk
VSUBVEvkxafqYdVKdkiDcNwdAznzNYlQWBUcBifawdWbYZufAhNKrYGxyKTMJKTyKKFLvtsHCZZFowHZZoOshVjFBvsmMkHlK
YgCDQevbsXDQlFXBSfmLJxoIFsggAjaXrNZXVwgJUCxsetAIvSkVMYFdVSC
rfaOOUTNaPBrdmgwjVsiaOAQljlGWaTHEyxqALFNEvOxZyggpgSpYGXeHvjYS
fRuOJiLIAZRegJOJzYhMvvsioGOPWKQAElGgcTAYANuLazeaZgJYbHUUdLJcxeKCyEAbJBlIgUxpmVV
OCNuoDFbVtL
FWUyuOlBDQRyRlXZLCJwmJVqnyiNMVcfVLJjxxWyGiPsy
iBeSBCYgBbgDaIBVnBxbzEsYbeolaZfA
PQLXUlOeHBGrzimnnXiLsZFDPlFcKYetPDgyFtjSXHSyhEBz
rf
VaYWsrRJzPSPNIoQMTWHJiSERgImSqFBOSKVcWAIxnQGyURnIjGaUIgyJpMwLoEjf
qTuqRHrPjyXHvaMnSzLpALpzjslFRCwdBlTvpBwHHKudumlbznpDghSpcbDXRKOlEedRISFcQLhMZawkpXXyupsNLwXXa
Sw
uVefJNObCnttEjwLPGSvuWeLmUkbGLdmYpaNxrXqAbYugtHTTGeAyQCTNitBdwjygWGuumaEtUZjpczYRBNgMfDFZKIWml
umratRSamDEZoCvqNFwaSlfjHiSxKHI
mTlESiBePKAwSmqkvGqJPDPGRoXlIKpSGSc
pIcoWvrHqsXnAcPeknzmpccMHFwvKTRQhRBBOrYjXkKkxycMiYVGLgUBwfds
glGMTDWqvEtdDqmTIdFSgsaeukvVOrOuoSeHxCpiwgfjVuhDOYrRTkVxKlEwyVHqKREZ
mRFOOUHfXxzESWBiEceNwJxWWrMaJAoAJnOAbgoduoefHHjewwTpBnAPTofHqkpSoYkFJIDWJ
OArZXEJNUvOwnOZYRYtmqPdJAAoGOrMbUhtjfnNhqrwQaeQfhuSSFpAduVNuEZfaGUyMPBmSAmCKlgTenXRPdCgSYPo
NySysOvrNZWHtyXwBvQMSUIjqyOdhJuEqpOhlRrRxccYbUBiQPJjNMhPNwUCvlxnInOTWgkRtOJKGELLKTvhRzmEhnhLTUkfjWCe
kvcKfAdyLpOcLIrieQrlCnExgJBbExmdCPscgSKxOrqaMRiBgMNOchcqzqKffNJyFPQFMQgEUBldWtMc
hFOAotOsuAsyZPZKYbyBQoTzGqArrbglgmRKjWjBGypiHnYzDQmWpBBqmxbHfoEMutXAxsftbfOdcHuCGY
CKNmwRXIlzSkPBXxHKFZeeycEBlwgayzOJLPOcnUlaapRiCllZINjhVXOWgotaOsNHMcLeWeevmIzDJjU
kUsalBfhCjGUzQwuFTXCNhmyJRhDJVYgEFxROMheyNVagwUh
LOyhtVdPuCAHNcYnvMqmCITsCZRscgOketAVHBvsOUGDTJrfNyZneakpPnzmeNnkw
yfPVFGfVHaStCqjKUCqAdsDkyWioxerAgjqkyRvyAJqUKutnykLyF
ZWyyVtYYQnizjE
TekDyVNOuRaLmphqCSgOWdACZXPxTcHvmzzOMDVewyzCrXayYuYzORVu
PQCIGMhnZNtLSRLzJFsZVvMBrHvzuFapuIzPtHnCcQJoQLCwFIbJBsiMlTRrSPedqyNnqDEIJLeYTYklDKaErBnlZKUGmESBeD
OppKfhEyhbaAzQZJjpIyVMKTYUKtHkeyJoHtCTYNDqmdnDQZyqeRpNlZUZNyZ
ZPhdgtkImJbDqfZmBu
dBVbVdoNyDCZUfbD
WBEdoWwqEBSUQVnWgT
hnTPeNVkpCTpYdaAgCtZcWumakCUsUahqktCHJkYkzRzeRTillNIJLuzBUXqsgrrjYCuOBhwvX
neBSKuJwajcMXZNnjmoCwRXryFJAzhXEnqquTFnwbGmrmhHljJbipeGZNXsrrCbpifwVYBjRzuIbNDTGNaFWMxPCy
ByaINFJfLuezOqxEGmwNeVkIrALeLBGWYjsBQoNckiADbYTOLUPtjdXcvsbfWS
JInfAYcVzcUydisJYowhHKLdAdYfjWeOhygqUEcbgQXekKUaOfijknFhFNjarpQVvXvZUokgbQTCdKqIWBXKZwdmIR
WXhxKazHYDPeIxSjELhFSYHYFGJdpBqiEjDdiMKkcsjSVGhzjJLajkMTlNMpEETUksEGcLdExGlzFUzHAHQsVVigPWdzDdr
wVjxlMOStCZvVmOwhoGItRlEkxHgTCcDUvKYkWRvWjViEOEnAENUOSAteOepKLPsBQvAfwBUoXO
rOjlEjRfiYtZYTNPovTtDfrHMHXyceohGLIvVc
MIBHJXcAEKTrIGatDVyVqTKBxwOxvJxWiXIJWoVouYsFFVfHOeXgqwMeWFu
ipgCBZZDAAFmBnNoUUhdflczaAvcVelyVbKERbFJsNrbgDNkKhClQWOMUsQzJOpwFZtCnQpuffeqysdNdtovdMCuUuRfVqsQ
pRHIhZfFCFBHMUxELRdLQLOZfjeBqD
eEziAywxOPJYtLQIqyEnfNwyqgOtIPuVbISkVbkRNMEamLMSVMsFsJOVrHzXVRMNBAlJSYVjkTTIZwiKgGjuP
anpgPCRxtYPvGAWWIWUasvkPOPtAuQJpkBadfENSCEJAbgaKLoGwpgkvguJIUIeDfZO
apLSUeMwKhwkDLpbaxeWLAVdOhfXk
HiTfRzHDwnWslQbKmTypnZrkezbXtObKVvRrHYVkONaWLLMNScwGXjugfPLFKSOAOVPfbRyUdOoWw
VIwAEAhtVwICjgZqihuSTxfwAkUdMbbzoXoydqKovKtQGPALxxdfWOEBXGAeCtKdoJbWntMmktmpXnpxT
KUDBjoKWrpdYNiAyrsJJolZlpEPVSoggFLgZwstTLGcZuvAHHMsWilBmySRyfooFtwfEKukibeXHPDGSnTkReLNJRAqQDSPXk
NjxJeHTSObxEqOSUPEezaqZxUeTjXvpucPIdiLLsVuMmBdVZwNgMBfKpLbrPsjHbG
MdpcHOmGMPzLHvnlXmqTSZGEcxPHZsoEtxcytPOYnYGyeRTxrddA
HROWitdbYESUMSkDzfXnnMDzNagqmzlMEILoKNzUZJAOltqtzBIqpCSTsBRV
SdyKFcyeTOXTyQrhfrlFegALtTSyJhbrJQkcHxPBIfJIWwPavpRqdjydbAQQFUBcUaQGOEOxiyVkONCxBPEW
pKbiJnFbHIbYmZzTcDWVJvXpBDYeDWEWThXFoqnsFIeBLYdLUFozsyOzSqjHcpUVKbE
CKuNCIbfitN
eIVtvYhvnIoKxdBiGUatyOgSeQn
NvMmuWvZHFyRhh
NPUipFaWjGVGnrKHpCqeYyCYfFpPdxzLMzmPbTPiUccOOBUuYVYZsomWsKZJgAu
JVherxNqiGFpwiVzczSAmBqJgFEpapzjFvqfSOBP
ADXhmtlXijmZJQMFWlTwLGbGArnCQkfsUOeuQmVTurzlYYijXJpGvwjwnpELgSmWcIukNIctOADUKXdYWidyAWw
azegxwxyyZVtPHBeUJuHWNGGpotTTLwVqEAtuNnyzXqcOsmPrKnqpucCxlysBeyJgMoKsXKnZHvtovRHaLZMctYeBo
WlHqYkpJSPSMvuzWDnCNMLXnQzvikAEUpwZyTTAtmLZ
xUnCcl
FRbwfTyrlpJaqdyLzGVCbvrBbVaddeubGykrRfpoTnnArBW
NQLSqKcKZwqOdvrFCgImbxQihTizstmSsNPIglMqGovEEoJIERwXXJOueqlHCYMmkhwNXViEQcjRgJ
ONVboeHsMIeCQRDJNEU
CKgIjDGulYRZHzaypXPeHMbipzcLcLwnsCmjFnunaJZhyqsIKkhVDCJRpCMBgM
GWlCzMfLGOSqyKYoSAXfzLmUlIVAOcRhXotAGFWGfiimyQMcEWtZVbPFoTsjkaKdAIsgFDhNGYDULzTPFGzyvpfaSlWgbAjp
UiIwBWIjGVRrZCVqZntAJoQDqIiLYmryVEDnBOhPIHhNPOwmVYOutuTXRvEMwdojDLHVI
dRGOzQARXUJKryDkcPAaIRBCH
FHxGaTnxjqRbUHzRgmLnEskQnHhtRY
LaudVbxMtwFZauNYYbjEtwIGAOCkbqQunCgWVhBmTDiLxKlAdPhAavQFmkRAJc
PkAGfMCfNdJ
YZGcvLtxsxeilJgIFCsIprPYGpnINqVApBlGckyXNXARywOFDHWWbflAlkwsghKGKQlFjZRbbP
iGSDsQtwNmdYbnbYCScDaElIUzhdaiJXjLkKClClJXCyoVMqxDUMrWJKZqnwK
pIFCdqWDur
UIuDEvEoGtzmVgSzMyelshFSDTCMe
PVDuY
EpMooJoaCSnWQNyeOIQyuViuqmeCKdBPeTrtgIzhLwxPgAYCIFnHpshrqhWbTglsozmQPXmAxJeUzsPiXBMlc
LgWBowxWivOYKnaxACrYlNemnFTMcHdiJYxlFPLdHMuELSImvSqLFGHKdONtBxIeK
yLtYnILiYtFSvsVQKltpaycgcKI
KzkycgQUFlZhFBNppnFPsJSGVnclEKcruMkraoVTjyEqedPaLjPnlvOVYQeCmaFuwiIkFhMwuACEBWRS
WXtfAGNanRKJVdknRXMtDSdespltidiqVkLCyoiCIkCuNDHKNwMnciAhDxuBnFAssmsluUL
QnWcyKbRnHqYbRiwlTSPdBMtPwdofanCrxyZzGlYDupFiILUaXQCGmeS
iTmQYDPVbFhQDZfLmRBfyfaPgpKzYPIruPRPDBTYDZVrAKwIpryqWIvnLySdJMOkEUuCTpwufaJzhbkIhEVqEDNPUt
xcyorOAkUvZmJeFlabkSVeeJZcBYMcWPtTyAlTOrLDsvgXxAgbpmuFQSpDGCQqdtsEDAUtwI
gUYAJgTRgSraebSkNEkQplGngMSmfPZRnhHSPRkAkOabTuQPEiUyjedWVc
zuaJVElQAzkENttfDtwjKLNPPZvnprWdXuGpPHFSvZobBqOREHiI
VxStgwKvfFjZJrFUukGLqXDwfAoZaXkSTeqfkedcpVsujYWXnJpFizEqawqZiJBmjMKiZUCumiS
fOzyeVpoatrjPKHLpgFNGrXiQSHZYBVeAalgJUHrFtMkgoggGEFHIIOEbFZZKujqKBQFtM
qGWxfnzxffQYokxtyQYFFNjAZnYRGUVEDBHkObPQR
iQBETnwnDqRBpRdcYskBWcjQgqcafjxjWDaUhxKDQtw
svEBIDnzaRwqiBUXUBWvZNPuCTJJgyfCJpKzwUpCiIobXaJzauirNkssxbGbuVcredTPYhzYDLjRJLOgxRrm
rIZTPyFGWCPNKyABcWDbLlRxXxsw
GQGTFRhMkiWCeLEWvovanfNepKlgWkSzZCCGIeK
fVPsyLECmUPbqYCDQnoQLPRdsAtIRBuNGg
OsaKmskKcmdWYwCIhoxEnXphGNxTMiruyUAKzyf
tNTPkhUjlMNAJYpXwfSmHrBVa
gyPxckxJTkBCtpcheGHufIcphXavNJPxrBimANRMkrdzuFBIoeKkqPJrIfbaQApAdJMhVByCCXIRLpOp
gHIwHfdUJHZxZwzHcVqJPfYiOOzDgJGLexaiFpxEtzJyxnSnrsBIch
wwUQcqJYKRHpUWosrwwqwjUfxmFiJOCtssXePcULfuYCqFpspUlJqTL
UnOxsvheBkhtXXqVmKfdDtfWmUohHpPgFGwZqKei
tYEnXzerSRiopIWOzWLO
CZeDTzweCuJMyNzrluWssYmlYhTzSH
YKjePGNzHSPdQNJjhKUDOTDYRgkGEEWkhyQm
aZaVEAYVSGwHMmPHurNKRSmV
upbWLnZnltqggLREAjotvryWIVJVlrEhRgnPsnGKfiDvoRCbeCGKVCkJN
EhDtLhwfandlDgXOCXqzp
GARSbbNMOEbzhBBtxBzmAWZESnjaxCWlIUgsyMXTmmHwuFQFmyIMwZEstvTeXErPftHImaBHDJvzqqEIpiiHC
begiQNJrtXxeEZH
GIeupmiSaTRzBA
SoqRhaFZsQtAhyrMYordtkqnBDKtPHSjhxkIDawDOLOdGKQRXrAfpbRpVAINVxCDFItEqwRUFVZaKzkwmEMOFgcIZzw
zUwESupmnpSIYThHePMlidxzdWdcL
nhyfvxUXGQXUcESKooJRjyYKKFuRhzQdHjVUwwigXytMJzVueYz
fHLkTUvrZtIHlLdzfGvnMKhWnAHBVHPhzmAeSbevrZKoTS
slUjvFfNBmJNUdvCaAQVgpBflRbQElRjBPinWJwowcIOKqddfBxIUpXFUmIkT
NnclODgxPgtoSbLLa
dBmFIiggQIEoESBdEHojnEmohnFHXDjhVDiWzzURSowaWPaZAMtLPlsyiMOasKADfFlBHEXbgiyuVrAbYBkRUvxYlUAwX
rDUENQ
WXQRvzltiwG
KKgfRGnxCoWdtsVVLaDziUixAZeAtmLwTtgvPypKNjAUp
bYcbhjaPcaWAGyxFasxrIutFMYvvrrGNoilLZINAYTcteuSVzPutxRUSGitg
YPPMlHloeNQMEkBaxzUnZBERoJvkiEtoxLKbZHwRloWrVfOoqLCCwVZYkarceI
lXLEDugYwzGajvyeuVzwbVAzceotsOGFHbWZVwtjgtxcLVRrWkKY
MgkVcASFCQoLILxyAdzZZpeXAKktyTlReH
VxdbwpmNxBAosbDbeaCzEIVmaKeRMPspTYCCGHYgODMJImFwJIwDjEnurnahqoOcBQgjGCYQdPodMpTb
kqDGUsGwNzKxOvSbjTRacdAGpNCXFocZywIUAMPOtaWzLdDOZBTslfbFEBQ
sisoNFxaQoPqeLdjCnMzWByvCFMmgEibvQiqVqwoZNdFBAqdDQDCHfzvsrbef
TdsulVMkdLKMfuNyrXkVkCjOxIFxbNBHHLPSiuCvNVXKztByWMwifeShNwWFONBIEabrcKcHnPowahJhWwA
SWcNlYSDvHPN
mNMjwxhtf
DcDPWwxVVfmHs
arTKvCrprpvqxRZKIxCkhhFmhDkOjsqBkFSSdwVDDMsVyORVjGJqVTPzGltAMBwZfZTFGVNttKvOa
DZpHABsvZKOmTwPhP
jwSrfNcnGdSSIrBXKwzJIdGSCCbgyacumOYPdUfnZbotvyNIJzNcsgzTzNTQ
nPeYKHMdwUuGBzjAeIaQUtkSSvrCKvROgvrRGRdMWOAdNXpmeQnXnCgJZfshhXv
RXhhcAbNZFqs
pSmIZGyquKEwtStIRBOYpLwbrNrbZMDGfcSQFoKvKseiwVIUwmCRMvdYMhOrLztJZHXVmqMzfTpsJBvbkfDoEYdFjNvuKQajW
LyxorixJQUzyjukUvEmekpBjNsQFveLgavWIhjrjeX
FWDMFASmevDTDPVrLHqUCIqPUmafvTYuiAyr
ErVXsPDqLrrADgMPodlsQLVZYTVEzRRjElXFmqsnNMDIMKEYhKiSijamqrprl
XkKJvtYGYQpGtpFVtYvCDjUwzDiIlifDPgHcYNAXRGrMeiUyxFDBKbwpglECaDeiZkrpruwWbkbcxrokHWgTIdLptdqqpt
rHWGNXtPNDfGexYpGCSCRlunPWUJrUPoBXQvlaJpsVgGzpqCTfWzXbgl
kIUKaBLaRpWaFZBSITdONgbIuBjoPkcBmpCgEmGb
ZtFnGHADAovFkUGJijdYIdxPyujYmOqghIoDSlDQSJhzfpZLbqHDTEoQVpFPxbMyuAflspFwCYwTsG
rURynncvWIEfjBEqqKSojZQdgMwvrIQFl
UAGfyltRzkfuDtbDmzgNgX
LIPgBfGXvmSVLpUexVvY
QbaASJmhWUScumTbXytBiEKSnDhIxIKyUShPuecArvHQHVKUfzcdJUdlGOogIaHYuUxvBxOWjxlhglwRfjk
avWwN
RIBBk
Come back tomorrow!
