2206798
3669927
3769738
3017458
4002657
62864
2020241
1178270
3791701
2052442
2666003
171504
460243
3752115
3800447
3044034
480259
1944166
3663506
1180589
3773129
2020163
2578287
2300189
1356349
3762770
3922078
364260
849527
2447806
313518
903466
3824145
1055121
276678
1495603
4301902
3915465
151633
126366
2296826
1624141
3438901
4200655
2207894
945031
163210
3195616
1677937
605908
2872389
3379900
1801682
3626984
404580
533947
694093
978888
1689540
1298152
1409626
109998
1709155
1022024
3306738
3213383
3533329
2875966
2693336
2028265
1466170
2441664
2083615
674682
1430810
986802
2629854
2205520
3640492
2791101
3427991
2706943
3071857
797082
1792161
3865099
924618
925010
4519612
2512217
367277
3081871
3377376
3466372
2493969
2992720
1327026
2949063
3459616
1107641

