.............
.^^^^^^^^^^^^
.^^^^^......^
.^^SS^......^
.^^SS^......^
.^^SS^^^^^^^^
.^^SSSSSSSS^^
.^^SSSSSSSS^^
.^^^^^^^^^^^^
.^^^^^^^^^^^^
^^^^^^^^^^.^^^^^^^^^
^^^^^^^^^^.^.^^^^^^^
^^^^^^^^^^.^.^....^^
^^^SSSS^^^.^.^^^^^^^
^^^^^^^^^^.^^^^^^^^^
^^^^^^^^^^..........
^........^..........
^........^..........
^........^..........
^^^^^^^^^^..........
SSSSS
SSSSS
SSSSS
SSSSS
SSSSS
^^^^^
^^^^^
^^S^^
^^^^^
^^^^^
SSSSSSSSSS
S^^^^^^^^S
S^vvvvvv^S
S^vSSSSv^S
S^vSSSSv^S
S^vSSSSv^S
S^vSSSSv^S
S^vvvvvv^S
S^^^^^^^^S
SSSSSSSSSS
SSSSS
SvvvS
Sv.vS
SvvvS
SSSSS