1
11
21
1211
111221
312211
13112221
1113213211
31131211131221
13211311123113112211
2
12
1112
3112
132112
1113122112
311311222112
13211321322112
1113122113121113222112
31131122211311123113322112
3
13
1113
3113
132113
1113122113
311311222113
13211321322113
1113122113121113222113
31131122211311123113322113
4
14
1114
3114
132114
1113122114
311311222114
13211321322114
1113122113121113222114
31131122211311123113322114
5
15
1115
3115
132115
1113122115
311311222115
13211321322115
1113122113121113222115
31131122211311123113322115
6
16
1116
3116
132116
1113122116
311311222116
13211321322116
1113122113121113222116
31131122211311123113322116
7
17
1117
3117
132117
1113122117
311311222117
13211321322117
1113122113121113222117
31131122211311123113322117
8
18
1118
3118
132118
1113122118
311311222118
13211321322118
1113122113121113222118
31131122211311123113322118
9
19
1119
3119
132119
1113122119
311311222119
13211321322119
1113122113121113222119
31131122211311123113322119
